<?xml version="1.0" ?>
<!DOCTYPE coverage SYSTEM "http://cobertura.sourceforge.net/xml/coverage-04.dtd">
<coverage lines-valid="2176" lines-covered="1448" line-rate="0.6654000000000001" branches-valid="883" branches-covered="457" branch-rate="0.5175" timestamp="1687023948980" complexity="0" version="0.1">
  <sources>
    <source>/Users/ralphparkison/Projects/genfhi-ts/packages/fhirpath</source>
  </sources>
  <packages>
    <package name="main" line-rate="0.6654000000000001" branch-rate="0.5175">
      <classes>
        <class name="index.ts" filename="src/index.ts" line-rate="0.4594" branch-rate="0.25579999999999997">
          <methods>
            <method name="isArray" hits="2" signature="()V">
              <lines>
                <line number="7" hits="2"/>
              </lines>
            </method>
            <method name="toCollection" hits="2" signature="()V">
              <lines>
                <line number="11" hits="2"/>
              </lines>
            </method>
            <method name="getVariableValue" hits="0" signature="()V">
              <lines>
                <line number="19" hits="0"/>
              </lines>
            </method>
            <method name="evaluateInvocation" hits="2" signature="()V">
              <lines>
                <line number="35" hits="2"/>
              </lines>
            </method>
            <method name="(anonymous_4)" hits="1" signature="()V">
              <lines>
                <line number="49" hits="1"/>
              </lines>
            </method>
            <method name="(anonymous_5)" hits="1" signature="()V">
              <lines>
                <line number="50" hits="1"/>
              </lines>
            </method>
            <method name="_evaluateTermStart" hits="4" signature="()V">
              <lines>
                <line number="61" hits="4"/>
              </lines>
            </method>
            <method name="evaluateTerm" hits="4" signature="()V">
              <lines>
                <line number="81" hits="4"/>
              </lines>
            </method>
            <method name="(anonymous_8)" hits="1" signature="()V">
              <lines>
                <line number="88" hits="1"/>
              </lines>
            </method>
            <method name="evaluateProperty" hits="0" signature="()V">
              <lines>
                <line number="96" hits="0"/>
              </lines>
            </method>
            <method name="validateOperators" hits="2" signature="()V">
              <lines>
                <line number="120" hits="2"/>
              </lines>
            </method>
            <method name="(anonymous_11)" hits="4" signature="()V">
              <lines>
                <line number="124" hits="4"/>
              </lines>
            </method>
            <method name="invalidOperandError" hits="0" signature="()V">
              <lines>
                <line number="130" hits="0"/>
              </lines>
            </method>
            <method name="evaluateOperation" hits="2" signature="()V">
              <lines>
                <line number="136" hits="2"/>
              </lines>
            </method>
            <method name="_evaluate" hits="6" signature="()V">
              <lines>
                <line number="177" hits="6"/>
              </lines>
            </method>
            <method name="evaluate" hits="2" signature="()V">
              <lines>
                <line number="190" hits="2"/>
              </lines>
            </method>
          </methods>
          <lines>
            <line number="1" hits="1" branch="false"/>
            <line number="8" hits="2" branch="false"/>
            <line number="12" hits="2" branch="true" condition-coverage="50% (1/2)"/>
            <line number="13" hits="0" branch="false"/>
            <line number="15" hits="2" branch="false"/>
            <line number="21" hits="0" branch="true" condition-coverage="0% (0/2)"/>
            <line number="22" hits="0" branch="false"/>
            <line number="23" hits="0" branch="true" condition-coverage="0% (0/1)"/>
            <line number="24" hits="0" branch="false"/>
            <line number="27" hits="0" branch="false"/>
            <line number="33" hits="1" branch="false"/>
            <line number="40" hits="2" branch="true" condition-coverage="33.33333333333333% (2/6)"/>
            <line number="42" hits="0" branch="false"/>
            <line number="44" hits="0" branch="false"/>
            <line number="46" hits="1" branch="false"/>
            <line number="48" hits="1" branch="false"/>
            <line number="49" hits="1" branch="false"/>
            <line number="50" hits="1" branch="false"/>
            <line number="52" hits="0" branch="false"/>
            <line number="53" hits="0" branch="true" condition-coverage="0% (0/1)"/>
            <line number="54" hits="0" branch="false"/>
            <line number="55" hits="0" branch="false"/>
            <line number="57" hits="0" branch="false"/>
            <line number="66" hits="4" branch="true" condition-coverage="40% (2/5)"/>
            <line number="68" hits="1" branch="false"/>
            <line number="70" hits="3" branch="false"/>
            <line number="73" hits="0" branch="false"/>
            <line number="75" hits="0" branch="false"/>
            <line number="77" hits="0" branch="false"/>
            <line number="86" hits="4" branch="false"/>
            <line number="87" hits="4" branch="true" condition-coverage="100% (2/2)"/>
            <line number="88" hits="1" branch="false"/>
            <line number="89" hits="1" branch="false"/>
            <line number="92" hits="3" branch="false"/>
            <line number="97" hits="0" branch="true" condition-coverage="0% (0/3)"/>
            <line number="99" hits="0" branch="false"/>
            <line number="101" hits="0" branch="false"/>
            <line number="102" hits="0" branch="true" condition-coverage="0% (0/1)"/>
            <line number="103" hits="0" branch="false"/>
            <line number="104" hits="0" branch="true" condition-coverage="0% (0/1)"/>
            <line number="105" hits="0" branch="false"/>
            <line number="106" hits="0" branch="false"/>
            <line number="108" hits="0" branch="false"/>
            <line number="124" hits="2" branch="false"/>
            <line number="125" hits="4" branch="true" condition-coverage="0% (0/1)"/>
            <line number="126" hits="4" branch="false"/>
            <line number="131" hits="0" branch="false"/>
            <line number="141" hits="2" branch="false"/>
            <line number="142" hits="2" branch="false"/>
            <line number="143" hits="2" branch="false"/>
            <line number="145" hits="2" branch="true" condition-coverage="20% (1/5)"/>
            <line number="147" hits="2" branch="true" condition-coverage="50% (1/2)"/>
            <line number="148" hits="2" branch="false"/>
            <line number="149" hits="0" branch="true" condition-coverage="0% (0/2)"/>
            <line number="150" hits="0" branch="false"/>
            <line number="152" hits="0" branch="false"/>
            <line number="155" hits="0" branch="true" condition-coverage="0% (0/2)"/>
            <line number="156" hits="0" branch="false"/>
            <line number="158" hits="0" branch="false"/>
            <line number="161" hits="0" branch="true" condition-coverage="0% (0/2)"/>
            <line number="162" hits="0" branch="false"/>
            <line number="164" hits="0" branch="false"/>
            <line number="167" hits="0" branch="true" condition-coverage="0% (0/2)"/>
            <line number="168" hits="0" branch="false"/>
            <line number="170" hits="0" branch="false"/>
            <line number="173" hits="0" branch="false"/>
            <line number="178" hits="6" branch="true" condition-coverage="66.66666666666666% (2/3)"/>
            <line number="180" hits="2" branch="false"/>
            <line number="183" hits="4" branch="false"/>
            <line number="186" hits="0" branch="false"/>
            <line number="190" hits="1" branch="false"/>
            <line number="195" hits="2" branch="false"/>
            <line number="196" hits="2" branch="false"/>
            <line number="197" hits="2" branch="false"/>
          </lines>
        </class>
        <class name="parser.ts" filename="src/parser.ts" line-rate="0.6726000000000001" branch-rate="0.5309">
          <methods>
            <method name="(anonymous_0)" hits="2" signature="()V">
              <lines>
                <line number="9" hits="2"/>
              </lines>
            </method>
            <method name="peg$subclass" hits="2" signature="()V">
              <lines>
                <line number="14" hits="2"/>
              </lines>
            </method>
            <method name="C" hits="2" signature="()V">
              <lines>
                <line number="16" hits="2"/>
              </lines>
            </method>
            <method name="peg$SyntaxError" hits="0" signature="()V">
              <lines>
                <line number="24" hits="0"/>
              </lines>
            </method>
            <method name="peg$padEnd" hits="0" signature="()V">
              <lines>
                <line number="49" hits="0"/>
              </lines>
            </method>
            <method name="(anonymous_5)" hits="0" signature="()V">
              <lines>
                <line number="63" hits="0"/>
              </lines>
            </method>
            <method name="(anonymous_6)" hits="0" signature="()V">
              <lines>
                <line number="125" hits="0"/>
              </lines>
            </method>
            <method name="(anonymous_7)" hits="0" signature="()V">
              <lines>
                <line number="129" hits="0"/>
              </lines>
            </method>
            <method name="(anonymous_8)" hits="0" signature="()V">
              <lines>
                <line number="135" hits="0"/>
              </lines>
            </method>
            <method name="(anonymous_9)" hits="0" signature="()V">
              <lines>
                <line number="137" hits="0"/>
              </lines>
            </method>
            <method name="(anonymous_10)" hits="0" signature="()V">
              <lines>
                <line number="151" hits="0"/>
              </lines>
            </method>
            <method name="(anonymous_11)" hits="0" signature="()V">
              <lines>
                <line number="157" hits="0"/>
              </lines>
            </method>
            <method name="(anonymous_12)" hits="0" signature="()V">
              <lines>
                <line number="163" hits="0"/>
              </lines>
            </method>
            <method name="hex" hits="0" signature="()V">
              <lines>
                <line number="170" hits="0"/>
              </lines>
            </method>
            <method name="literalEscape" hits="0" signature="()V">
              <lines>
                <line number="176" hits="0"/>
              </lines>
            </method>
            <method name="(anonymous_15)" hits="0" signature="()V">
              <lines>
                <line number="192" hits="0"/>
              </lines>
            </method>
            <method name="(anonymous_16)" hits="0" signature="()V">
              <lines>
                <line number="194" hits="0"/>
              </lines>
            </method>
            <method name="classEscape" hits="0" signature="()V">
              <lines>
                <line number="198" hits="0"/>
              </lines>
            </method>
            <method name="(anonymous_18)" hits="0" signature="()V">
              <lines>
                <line number="218" hits="0"/>
              </lines>
            </method>
            <method name="(anonymous_19)" hits="0" signature="()V">
              <lines>
                <line number="220" hits="0"/>
              </lines>
            </method>
            <method name="describeExpectation" hits="0" signature="()V">
              <lines>
                <line number="224" hits="0"/>
              </lines>
            </method>
            <method name="describeExpected" hits="0" signature="()V">
              <lines>
                <line number="230" hits="0"/>
              </lines>
            </method>
            <method name="describeFound" hits="0" signature="()V">
              <lines>
                <line number="279" hits="0"/>
              </lines>
            </method>
            <method name="peg$parse" hits="12" signature="()V">
              <lines>
                <line number="289" hits="12"/>
              </lines>
            </method>
            <method name="(anonymous_24)" hits="15" signature="()V">
              <lines>
                <line number="445" hits="15"/>
              </lines>
            </method>
            <method name="(anonymous_25)" hits="47" signature="()V">
              <lines>
                <line number="448" hits="47"/>
              </lines>
            </method>
            <method name="(anonymous_26)" hits="15" signature="()V">
              <lines>
                <line number="451" hits="15"/>
              </lines>
            </method>
            <method name="(anonymous_27)" hits="24" signature="()V">
              <lines>
                <line number="454" hits="24"/>
              </lines>
            </method>
            <method name="(anonymous_28)" hits="34" signature="()V">
              <lines>
                <line number="457" hits="34"/>
              </lines>
            </method>
            <method name="(anonymous_29)" hits="39" signature="()V">
              <lines>
                <line number="460" hits="39"/>
              </lines>
            </method>
            <method name="(anonymous_30)" hits="40" signature="()V">
              <lines>
                <line number="463" hits="40"/>
              </lines>
            </method>
            <method name="(anonymous_31)" hits="41" signature="()V">
              <lines>
                <line number="466" hits="41"/>
              </lines>
            </method>
            <method name="(anonymous_32)" hits="46" signature="()V">
              <lines>
                <line number="469" hits="46"/>
              </lines>
            </method>
            <method name="(anonymous_33)" hits="46" signature="()V">
              <lines>
                <line number="472" hits="46"/>
              </lines>
            </method>
            <method name="(anonymous_34)" hits="15" signature="()V">
              <lines>
                <line number="475" hits="15"/>
              </lines>
            </method>
            <method name="(anonymous_35)" hits="1" signature="()V">
              <lines>
                <line number="478" hits="1"/>
              </lines>
            </method>
            <method name="(anonymous_36)" hits="0" signature="()V">
              <lines>
                <line number="481" hits="0"/>
              </lines>
            </method>
            <method name="(anonymous_37)" hits="0" signature="()V">
              <lines>
                <line number="484" hits="0"/>
              </lines>
            </method>
            <method name="(anonymous_38)" hits="0" signature="()V">
              <lines>
                <line number="487" hits="0"/>
              </lines>
            </method>
            <method name="(anonymous_39)" hits="19" signature="()V">
              <lines>
                <line number="490" hits="19"/>
              </lines>
            </method>
            <method name="(anonymous_40)" hits="28" signature="()V">
              <lines>
                <line number="493" hits="28"/>
              </lines>
            </method>
            <method name="(anonymous_41)" hits="1" signature="()V">
              <lines>
                <line number="496" hits="1"/>
              </lines>
            </method>
            <method name="(anonymous_42)" hits="9" signature="()V">
              <lines>
                <line number="499" hits="9"/>
              </lines>
            </method>
            <method name="(anonymous_43)" hits="1" signature="()V">
              <lines>
                <line number="502" hits="1"/>
              </lines>
            </method>
            <method name="(anonymous_44)" hits="1" signature="()V">
              <lines>
                <line number="505" hits="1"/>
              </lines>
            </method>
            <method name="(anonymous_45)" hits="33" signature="()V">
              <lines>
                <line number="508" hits="33"/>
              </lines>
            </method>
            <method name="(anonymous_46)" hits="1" signature="()V">
              <lines>
                <line number="511" hits="1"/>
              </lines>
            </method>
            <method name="(anonymous_47)" hits="1" signature="()V">
              <lines>
                <line number="514" hits="1"/>
              </lines>
            </method>
            <method name="(anonymous_48)" hits="1" signature="()V">
              <lines>
                <line number="515" hits="1"/>
              </lines>
            </method>
            <method name="(anonymous_49)" hits="0" signature="()V">
              <lines>
                <line number="517" hits="0"/>
              </lines>
            </method>
            <method name="(anonymous_50)" hits="21" signature="()V">
              <lines>
                <line number="520" hits="21"/>
              </lines>
            </method>
            <method name="(anonymous_51)" hits="2" signature="()V">
              <lines>
                <line number="523" hits="2"/>
              </lines>
            </method>
            <method name="(anonymous_52)" hits="1" signature="()V">
              <lines>
                <line number="526" hits="1"/>
              </lines>
            </method>
            <method name="(anonymous_53)" hits="2" signature="()V">
              <lines>
                <line number="529" hits="2"/>
              </lines>
            </method>
            <method name="(anonymous_54)" hits="2" signature="()V">
              <lines>
                <line number="532" hits="2"/>
              </lines>
            </method>
            <method name="(anonymous_55)" hits="2" signature="()V">
              <lines>
                <line number="535" hits="2"/>
              </lines>
            </method>
            <method name="(anonymous_56)" hits="4" signature="()V">
              <lines>
                <line number="538" hits="4"/>
              </lines>
            </method>
            <method name="text" hits="0" signature="()V">
              <lines>
                <line number="572" hits="0"/>
              </lines>
            </method>
            <method name="offset" hits="0" signature="()V">
              <lines>
                <line number="578" hits="0"/>
              </lines>
            </method>
            <method name="range" hits="0" signature="()V">
              <lines>
                <line number="584" hits="0"/>
              </lines>
            </method>
            <method name="location" hits="0" signature="()V">
              <lines>
                <line number="597" hits="0"/>
              </lines>
            </method>
            <method name="expected" hits="0" signature="()V">
              <lines>
                <line number="603" hits="0"/>
              </lines>
            </method>
            <method name="error" hits="0" signature="()V">
              <lines>
                <line number="623" hits="0"/>
              </lines>
            </method>
            <method name="peg$literalExpectation" hits="756" signature="()V">
              <lines>
                <line number="636" hits="756"/>
              </lines>
            </method>
            <method name="peg$classExpectation" hits="60" signature="()V">
              <lines>
                <line number="642" hits="60"/>
              </lines>
            </method>
            <method name="peg$anyExpectation" hits="0" signature="()V">
              <lines>
                <line number="648" hits="0"/>
              </lines>
            </method>
            <method name="peg$endExpectation" hits="0" signature="()V">
              <lines>
                <line number="654" hits="0"/>
              </lines>
            </method>
            <method name="peg$otherExpectation" hits="12" signature="()V">
              <lines>
                <line number="660" hits="12"/>
              </lines>
            </method>
            <method name="peg$computePosDetails" hits="0" signature="()V">
              <lines>
                <line number="666" hits="0"/>
              </lines>
            </method>
            <method name="peg$computeLocation" hits="0" signature="()V">
              <lines>
                <line number="723" hits="0"/>
              </lines>
            </method>
            <method name="peg$fail" hits="1346" signature="()V">
              <lines>
                <line number="764" hits="1346"/>
              </lines>
            </method>
            <method name="peg$buildSimpleError" hits="0" signature="()V">
              <lines>
                <line number="781" hits="0"/>
              </lines>
            </method>
            <method name="peg$buildStructuredError" hits="0" signature="()V">
              <lines>
                <line number="787" hits="0"/>
              </lines>
            </method>
            <method name="peg$parseexpression" hits="15" signature="()V">
              <lines>
                <line number="803" hits="15"/>
              </lines>
            </method>
            <method name="peg$parse_singular_expression" hits="47" signature="()V">
              <lines>
                <line number="852" hits="47"/>
              </lines>
            </method>
            <method name="peg$parseequality_operation" hits="15" signature="()V">
              <lines>
                <line number="904" hits="15"/>
              </lines>
            </method>
            <method name="peg$parseadditive_operation" hits="24" signature="()V">
              <lines>
                <line number="1264" hits="24"/>
              </lines>
            </method>
            <method name="peg$parsemultiplication_operation" hits="34" signature="()V">
              <lines>
                <line number="1464" hits="34"/>
              </lines>
            </method>
            <method name="peg$parseunion_operation" hits="39" signature="()V">
              <lines>
                <line number="1696" hits="39"/>
              </lines>
            </method>
            <method name="peg$parsemem_operation" hits="40" signature="()V">
              <lines>
                <line number="1832" hits="40"/>
              </lines>
            </method>
            <method name="peg$parseand_operation" hits="41" signature="()V">
              <lines>
                <line number="2000" hits="41"/>
              </lines>
            </method>
            <method name="peg$parseor_operation" hits="46" signature="()V">
              <lines>
                <line number="2136" hits="46"/>
              </lines>
            </method>
            <method name="peg$parseimplies_operation" hits="46" signature="()V">
              <lines>
                <line number="2304" hits="46"/>
              </lines>
            </method>
            <method name="peg$parseexpression_inner" hits="68" signature="()V">
              <lines>
                <line number="2440" hits="68"/>
              </lines>
            </method>
            <method name="peg$parseinvocation_expression" hits="63" signature="()V">
              <lines>
                <line number="2475" hits="63"/>
              </lines>
            </method>
            <method name="peg$parseindexed_expression" hits="48" signature="()V">
              <lines>
                <line number="2553" hits="48"/>
              </lines>
            </method>
            <method name="peg$parseterm" hits="47" signature="()V">
              <lines>
                <line number="2653" hits="47"/>
              </lines>
            </method>
            <method name="peg$parseliteral" hits="29" signature="()V">
              <lines>
                <line number="2757" hits="29"/>
              </lines>
            </method>
            <method name="peg$parseNUMBER" hits="26" signature="()V">
              <lines>
                <line number="2941" hits="26"/>
              </lines>
            </method>
            <method name="peg$parseexternalConstant" hits="1" signature="()V">
              <lines>
                <line number="3117" hits="1"/>
              </lines>
            </method>
            <method name="peg$parseinvocation" hits="62" signature="()V">
              <lines>
                <line number="3189" hits="62"/>
              </lines>
            </method>
            <method name="peg$parsefunction" hits="62" signature="()V">
              <lines>
                <line number="3316" hits="62"/>
              </lines>
            </method>
            <method name="peg$parseparamList" hits="1" signature="()V">
              <lines>
                <line number="3412" hits="1"/>
              </lines>
            </method>
            <method name="peg$parsequantity" hits="1" signature="()V">
              <lines>
                <line number="3550" hits="1"/>
              </lines>
            </method>
            <method name="peg$parseunit" hits="0" signature="()V">
              <lines>
                <line number="3604" hits="0"/>
              </lines>
            </method>
            <method name="peg$parsedateTimePrecision" hits="0" signature="()V">
              <lines>
                <line number="3644" hits="0"/>
              </lines>
            </method>
            <method name="peg$parsepluralDateTimePrecision" hits="0" signature="()V">
              <lines>
                <line number="3808" hits="0"/>
              </lines>
            </method>
            <method name="peg$parseidentifier" hits="124" signature="()V">
              <lines>
                <line number="3972" hits="124"/>
              </lines>
            </method>
            <method name="peg$parseDATE" hits="4" signature="()V">
              <lines>
                <line number="4029" hits="4"/>
              </lines>
            </method>
            <method name="peg$parseDATETIME" hits="6" signature="()V">
              <lines>
                <line number="4096" hits="6"/>
              </lines>
            </method>
            <method name="peg$parseTIME" hits="3" signature="()V">
              <lines>
                <line number="4240" hits="3"/>
              </lines>
            </method>
            <method name="peg$parseDATEFORMAT" hits="8" signature="()V">
              <lines>
                <line number="4329" hits="8"/>
              </lines>
            </method>
            <method name="peg$parseTIMEFORMAT" hits="4" signature="()V">
              <lines>
                <line number="4616" hits="4"/>
              </lines>
            </method>
            <method name="peg$parseTIMEZONEOFFSETFORMAT" hits="2" signature="()V">
              <lines>
                <line number="4941" hits="2"/>
              </lines>
            </method>
            <method name="peg$parseIDENTIFIER" hits="63" signature="()V">
              <lines>
                <line number="5150" hits="63"/>
              </lines>
            </method>
            <method name="peg$parseDELIMITEDIDENTIFIER" hits="42" signature="()V">
              <lines>
                <line number="5298" hits="42"/>
              </lines>
            </method>
            <method name="peg$parseSTRING" hits="29" signature="()V">
              <lines>
                <line number="5413" hits="29"/>
              </lines>
            </method>
            <method name="peg$parseWS" hits="350" signature="()V">
              <lines>
                <line number="5528" hits="350"/>
              </lines>
            </method>
            <method name="buildBinaryExpression" hits="285" signature="()V">
              <lines>
                <line number="5693" hits="285"/>
              </lines>
            </method>
            <method name="(anonymous_109)" hits="32" signature="()V">
              <lines>
                <line number="5695" hits="32"/>
              </lines>
            </method>
            <method name="buildNode" hits="145" signature="()V">
              <lines>
                <line number="5712" hits="145"/>
              </lines>
            </method>
          </methods>
          <lines>
            <line number="9" hits="2" branch="false"/>
            <line number="16" hits="2" branch="false"/>
            <line number="18" hits="2" branch="false"/>
            <line number="20" hits="2" branch="false"/>
            <line number="26" hits="0" branch="false"/>
            <line number="34" hits="0" branch="false"/>
            <line number="36" hits="0" branch="false"/>
            <line number="38" hits="0" branch="false"/>
            <line number="40" hits="0" branch="false"/>
            <line number="42" hits="0" branch="false"/>
            <line number="46" hits="2" branch="false"/>
            <line number="51" hits="0" branch="true" condition-coverage="0% (0/2)"/>
            <line number="53" hits="0" branch="true" condition-coverage="0% (0/1)"/>
            <line number="55" hits="0" branch="false"/>
            <line number="57" hits="0" branch="false"/>
            <line number="59" hits="0" branch="false"/>
            <line number="63" hits="2" branch="false"/>
            <line number="65" hits="0" branch="false"/>
            <line number="67" hits="0" branch="true" condition-coverage="0% (0/1)"/>
            <line number="69" hits="0" branch="false"/>
            <line number="73" hits="0" branch="false"/>
            <line number="75" hits="0" branch="true" condition-coverage="0% (0/1)"/>
            <line number="77" hits="0" branch="false"/>
            <line number="79" hits="0" branch="false"/>
            <line number="83" hits="0" branch="false"/>
            <line number="85" hits="0" branch="true" condition-coverage="0% (0/4)"/>
            <line number="91" hits="0" branch="false"/>
            <line number="93" hits="0" branch="true" condition-coverage="0% (0/2)"/>
            <line number="95" hits="0" branch="false"/>
            <line number="97" hits="0" branch="false"/>
            <line number="99" hits="0" branch="false"/>
            <line number="101" hits="0" branch="true" condition-coverage="0% (0/2)"/>
            <line number="103" hits="0" branch="true" condition-coverage="0% (0/2)"/>
            <line number="105" hits="0" branch="false"/>
            <line number="117" hits="0" branch="false"/>
            <line number="121" hits="0" branch="false"/>
            <line number="125" hits="2" branch="false"/>
            <line number="127" hits="0" branch="false"/>
            <line number="131" hits="0" branch="false"/>
            <line number="137" hits="0" branch="false"/>
            <line number="139" hits="0" branch="true" condition-coverage="0% (0/2)"/>
            <line number="147" hits="0" branch="true" condition-coverage="0% (0/2)"/>
            <line number="153" hits="0" branch="false"/>
            <line number="159" hits="0" branch="false"/>
            <line number="165" hits="0" branch="false"/>
            <line number="172" hits="0" branch="false"/>
            <line number="178" hits="0" branch="false"/>
            <line number="192" hits="0" branch="false"/>
            <line number="194" hits="0" branch="false"/>
            <line number="200" hits="0" branch="false"/>
            <line number="218" hits="0" branch="false"/>
            <line number="220" hits="0" branch="false"/>
            <line number="226" hits="0" branch="false"/>
            <line number="232" hits="0" branch="false"/>
            <line number="237" hits="0" branch="false"/>
            <line number="240" hits="0" branch="true" condition-coverage="0% (0/1)"/>
            <line number="242" hits="0" branch="false"/>
            <line number="244" hits="0" branch="true" condition-coverage="0% (0/1)"/>
            <line number="246" hits="0" branch="false"/>
            <line number="248" hits="0" branch="false"/>
            <line number="252" hits="0" branch="false"/>
            <line number="256" hits="0" branch="true" condition-coverage="0% (0/3)"/>
            <line number="260" hits="0" branch="false"/>
            <line number="265" hits="0" branch="false"/>
            <line number="270" hits="0" branch="false"/>
            <line number="281" hits="0" branch="true" condition-coverage="0% (0/2)"/>
            <line number="285" hits="0" branch="false"/>
            <line number="291" hits="12" branch="true" condition-coverage="50% (1/2)"/>
            <line number="294" hits="12" branch="false"/>
            <line number="296" hits="12" branch="false"/>
            <line number="299" hits="12" branch="false"/>
            <line number="301" hits="12" branch="false"/>
            <line number="304" hits="12" branch="false"/>
            <line number="305" hits="12" branch="false"/>
            <line number="306" hits="12" branch="false"/>
            <line number="307" hits="12" branch="false"/>
            <line number="308" hits="12" branch="false"/>
            <line number="309" hits="12" branch="false"/>
            <line number="310" hits="12" branch="false"/>
            <line number="311" hits="12" branch="false"/>
            <line number="312" hits="12" branch="false"/>
            <line number="313" hits="12" branch="false"/>
            <line number="314" hits="12" branch="false"/>
            <line number="315" hits="12" branch="false"/>
            <line number="316" hits="12" branch="false"/>
            <line number="317" hits="12" branch="false"/>
            <line number="318" hits="12" branch="false"/>
            <line number="319" hits="12" branch="false"/>
            <line number="320" hits="12" branch="false"/>
            <line number="321" hits="12" branch="false"/>
            <line number="322" hits="12" branch="false"/>
            <line number="323" hits="12" branch="false"/>
            <line number="324" hits="12" branch="false"/>
            <line number="325" hits="12" branch="false"/>
            <line number="326" hits="12" branch="false"/>
            <line number="327" hits="12" branch="false"/>
            <line number="328" hits="12" branch="false"/>
            <line number="329" hits="12" branch="false"/>
            <line number="330" hits="12" branch="false"/>
            <line number="331" hits="12" branch="false"/>
            <line number="332" hits="12" branch="false"/>
            <line number="333" hits="12" branch="false"/>
            <line number="334" hits="12" branch="false"/>
            <line number="335" hits="12" branch="false"/>
            <line number="336" hits="12" branch="false"/>
            <line number="337" hits="12" branch="false"/>
            <line number="338" hits="12" branch="false"/>
            <line number="339" hits="12" branch="false"/>
            <line number="340" hits="12" branch="false"/>
            <line number="341" hits="12" branch="false"/>
            <line number="342" hits="12" branch="false"/>
            <line number="343" hits="12" branch="false"/>
            <line number="344" hits="12" branch="false"/>
            <line number="345" hits="12" branch="false"/>
            <line number="346" hits="12" branch="false"/>
            <line number="347" hits="12" branch="false"/>
            <line number="348" hits="12" branch="false"/>
            <line number="349" hits="12" branch="false"/>
            <line number="350" hits="12" branch="false"/>
            <line number="351" hits="12" branch="false"/>
            <line number="352" hits="12" branch="false"/>
            <line number="353" hits="12" branch="false"/>
            <line number="354" hits="12" branch="false"/>
            <line number="355" hits="12" branch="false"/>
            <line number="356" hits="12" branch="false"/>
            <line number="357" hits="12" branch="false"/>
            <line number="358" hits="12" branch="false"/>
            <line number="359" hits="12" branch="false"/>
            <line number="360" hits="12" branch="false"/>
            <line number="361" hits="12" branch="false"/>
            <line number="362" hits="12" branch="false"/>
            <line number="363" hits="12" branch="false"/>
            <line number="364" hits="12" branch="false"/>
            <line number="365" hits="12" branch="false"/>
            <line number="366" hits="12" branch="false"/>
            <line number="368" hits="12" branch="false"/>
            <line number="369" hits="12" branch="false"/>
            <line number="370" hits="12" branch="false"/>
            <line number="371" hits="12" branch="false"/>
            <line number="372" hits="12" branch="false"/>
            <line number="374" hits="12" branch="false"/>
            <line number="375" hits="12" branch="false"/>
            <line number="376" hits="12" branch="false"/>
            <line number="377" hits="12" branch="false"/>
            <line number="378" hits="12" branch="false"/>
            <line number="379" hits="12" branch="false"/>
            <line number="380" hits="12" branch="false"/>
            <line number="381" hits="12" branch="false"/>
            <line number="382" hits="12" branch="false"/>
            <line number="383" hits="12" branch="false"/>
            <line number="384" hits="12" branch="false"/>
            <line number="385" hits="12" branch="false"/>
            <line number="386" hits="12" branch="false"/>
            <line number="387" hits="12" branch="false"/>
            <line number="388" hits="12" branch="false"/>
            <line number="389" hits="12" branch="false"/>
            <line number="390" hits="12" branch="false"/>
            <line number="391" hits="12" branch="false"/>
            <line number="392" hits="12" branch="false"/>
            <line number="393" hits="12" branch="false"/>
            <line number="394" hits="12" branch="false"/>
            <line number="395" hits="12" branch="false"/>
            <line number="396" hits="12" branch="false"/>
            <line number="397" hits="12" branch="false"/>
            <line number="398" hits="12" branch="false"/>
            <line number="399" hits="12" branch="false"/>
            <line number="400" hits="12" branch="false"/>
            <line number="401" hits="12" branch="false"/>
            <line number="402" hits="12" branch="false"/>
            <line number="403" hits="12" branch="false"/>
            <line number="404" hits="12" branch="false"/>
            <line number="405" hits="12" branch="false"/>
            <line number="406" hits="12" branch="false"/>
            <line number="407" hits="12" branch="false"/>
            <line number="408" hits="12" branch="false"/>
            <line number="409" hits="12" branch="false"/>
            <line number="410" hits="12" branch="false"/>
            <line number="411" hits="12" branch="false"/>
            <line number="412" hits="12" branch="false"/>
            <line number="413" hits="12" branch="false"/>
            <line number="414" hits="12" branch="false"/>
            <line number="415" hits="12" branch="false"/>
            <line number="416" hits="12" branch="false"/>
            <line number="417" hits="12" branch="false"/>
            <line number="418" hits="12" branch="false"/>
            <line number="419" hits="12" branch="false"/>
            <line number="420" hits="12" branch="false"/>
            <line number="421" hits="12" branch="false"/>
            <line number="422" hits="12" branch="false"/>
            <line number="423" hits="12" branch="false"/>
            <line number="424" hits="12" branch="false"/>
            <line number="425" hits="12" branch="false"/>
            <line number="426" hits="12" branch="false"/>
            <line number="427" hits="12" branch="false"/>
            <line number="428" hits="12" branch="false"/>
            <line number="429" hits="12" branch="false"/>
            <line number="430" hits="12" branch="false"/>
            <line number="431" hits="12" branch="false"/>
            <line number="432" hits="12" branch="false"/>
            <line number="433" hits="12" branch="false"/>
            <line number="434" hits="12" branch="false"/>
            <line number="435" hits="12" branch="false"/>
            <line number="436" hits="12" branch="false"/>
            <line number="437" hits="12" branch="false"/>
            <line number="438" hits="12" branch="false"/>
            <line number="439" hits="12" branch="false"/>
            <line number="440" hits="12" branch="false"/>
            <line number="441" hits="12" branch="false"/>
            <line number="442" hits="12" branch="false"/>
            <line number="445" hits="12" branch="false"/>
            <line number="446" hits="15" branch="false"/>
            <line number="448" hits="12" branch="false"/>
            <line number="449" hits="47" branch="false"/>
            <line number="451" hits="12" branch="false"/>
            <line number="452" hits="15" branch="false"/>
            <line number="454" hits="12" branch="false"/>
            <line number="455" hits="24" branch="false"/>
            <line number="457" hits="12" branch="false"/>
            <line number="458" hits="34" branch="false"/>
            <line number="460" hits="12" branch="false"/>
            <line number="461" hits="39" branch="false"/>
            <line number="463" hits="12" branch="false"/>
            <line number="464" hits="40" branch="false"/>
            <line number="466" hits="12" branch="false"/>
            <line number="467" hits="41" branch="false"/>
            <line number="469" hits="12" branch="false"/>
            <line number="470" hits="46" branch="false"/>
            <line number="472" hits="12" branch="false"/>
            <line number="473" hits="46" branch="false"/>
            <line number="475" hits="12" branch="false"/>
            <line number="476" hits="15" branch="false"/>
            <line number="478" hits="12" branch="false"/>
            <line number="479" hits="1" branch="false"/>
            <line number="481" hits="12" branch="false"/>
            <line number="482" hits="0" branch="false"/>
            <line number="484" hits="12" branch="false"/>
            <line number="485" hits="0" branch="false"/>
            <line number="487" hits="12" branch="false"/>
            <line number="488" hits="0" branch="false"/>
            <line number="490" hits="12" branch="false"/>
            <line number="491" hits="19" branch="false"/>
            <line number="493" hits="12" branch="false"/>
            <line number="494" hits="28" branch="false"/>
            <line number="496" hits="12" branch="false"/>
            <line number="497" hits="1" branch="false"/>
            <line number="499" hits="12" branch="false"/>
            <line number="500" hits="9" branch="false"/>
            <line number="502" hits="12" branch="false"/>
            <line number="503" hits="1" branch="false"/>
            <line number="505" hits="12" branch="false"/>
            <line number="506" hits="1" branch="false"/>
            <line number="508" hits="12" branch="false"/>
            <line number="509" hits="33" branch="false"/>
            <line number="511" hits="12" branch="false"/>
            <line number="512" hits="1" branch="true" condition-coverage="50% (1/2)"/>
            <line number="514" hits="12" branch="false"/>
            <line number="515" hits="1" branch="false"/>
            <line number="517" hits="12" branch="false"/>
            <line number="518" hits="0" branch="false"/>
            <line number="520" hits="12" branch="false"/>
            <line number="521" hits="21" branch="false"/>
            <line number="523" hits="12" branch="false"/>
            <line number="524" hits="2" branch="false"/>
            <line number="526" hits="12" branch="false"/>
            <line number="527" hits="1" branch="false"/>
            <line number="529" hits="12" branch="false"/>
            <line number="530" hits="2" branch="false"/>
            <line number="532" hits="12" branch="false"/>
            <line number="533" hits="2" branch="false"/>
            <line number="535" hits="12" branch="false"/>
            <line number="536" hits="2" branch="false"/>
            <line number="538" hits="12" branch="false"/>
            <line number="539" hits="4" branch="false"/>
            <line number="541" hits="12" branch="false"/>
            <line number="543" hits="12" branch="false"/>
            <line number="545" hits="12" branch="false"/>
            <line number="547" hits="12" branch="false"/>
            <line number="549" hits="12" branch="false"/>
            <line number="551" hits="12" branch="false"/>
            <line number="554" hits="12" branch="false"/>
            <line number="560" hits="12" branch="true" condition-coverage="0% (0/1)"/>
            <line number="562" hits="0" branch="true" condition-coverage="0% (0/1)"/>
            <line number="564" hits="0" branch="false"/>
            <line number="568" hits="0" branch="false"/>
            <line number="574" hits="0" branch="false"/>
            <line number="580" hits="0" branch="false"/>
            <line number="586" hits="0" branch="false"/>
            <line number="599" hits="0" branch="false"/>
            <line number="605" hits="0" branch="true" condition-coverage="0% (0/2)"/>
            <line number="612" hits="0" branch="false"/>
            <line number="625" hits="0" branch="true" condition-coverage="0% (0/2)"/>
            <line number="632" hits="0" branch="false"/>
            <line number="638" hits="756" branch="false"/>
            <line number="644" hits="60" branch="false"/>
            <line number="650" hits="0" branch="false"/>
            <line number="656" hits="0" branch="false"/>
            <line number="662" hits="12" branch="false"/>
            <line number="668" hits="0" branch="false"/>
            <line number="673" hits="0" branch="true" condition-coverage="0% (0/2)"/>
            <line number="675" hits="0" branch="false"/>
            <line number="679" hits="0" branch="false"/>
            <line number="681" hits="0" branch="false"/>
            <line number="683" hits="0" branch="false"/>
            <line number="687" hits="0" branch="false"/>
            <line number="689" hits="0" branch="false"/>
            <line number="697" hits="0" branch="false"/>
            <line number="699" hits="0" branch="true" condition-coverage="0% (0/2)"/>
            <line number="701" hits="0" branch="false"/>
            <line number="703" hits="0" branch="false"/>
            <line number="707" hits="0" branch="false"/>
            <line number="711" hits="0" branch="false"/>
            <line number="715" hits="0" branch="false"/>
            <line number="718" hits="0" branch="false"/>
            <line number="725" hits="0" branch="false"/>
            <line number="727" hits="0" branch="false"/>
            <line number="730" hits="0" branch="false"/>
            <line number="753" hits="0" branch="true" condition-coverage="0% (0/4)"/>
            <line number="755" hits="0" branch="false"/>
            <line number="757" hits="0" branch="false"/>
            <line number="760" hits="0" branch="false"/>
            <line number="766" hits="1346" branch="true" condition-coverage="0% (0/1)"/>
            <line number="769" hits="1346" branch="true" condition-coverage="100% (1/1)"/>
            <line number="771" hits="135" branch="false"/>
            <line number="773" hits="135" branch="false"/>
            <line number="777" hits="1346" branch="false"/>
            <line number="783" hits="0" branch="false"/>
            <line number="789" hits="0" branch="false"/>
            <line number="808" hits="15" branch="false"/>
            <line number="810" hits="15" branch="false"/>
            <line number="813" hits="15" branch="true" condition-coverage="0% (0/1)"/>
            <line number="815" hits="0" branch="false"/>
            <line number="818" hits="0" branch="false"/>
            <line number="822" hits="15" branch="false"/>
            <line number="824" hits="15" branch="false"/>
            <line number="826" hits="15" branch="false"/>
            <line number="828" hits="15" branch="true" condition-coverage="50% (1/2)"/>
            <line number="830" hits="15" branch="false"/>
            <line number="832" hits="15" branch="false"/>
            <line number="834" hits="15" branch="false"/>
            <line number="838" hits="0" branch="false"/>
            <line number="840" hits="0" branch="false"/>
            <line number="844" hits="15" branch="false"/>
            <line number="847" hits="15" branch="false"/>
            <line number="857" hits="47" branch="false"/>
            <line number="859" hits="47" branch="false"/>
            <line number="862" hits="47" branch="true" condition-coverage="0% (0/1)"/>
            <line number="864" hits="0" branch="false"/>
            <line number="867" hits="0" branch="false"/>
            <line number="871" hits="47" branch="false"/>
            <line number="873" hits="47" branch="false"/>
            <line number="875" hits="47" branch="true" condition-coverage="50% (1/2)"/>
            <line number="877" hits="47" branch="false"/>
            <line number="879" hits="47" branch="true" condition-coverage="100% (1/1)"/>
            <line number="881" hits="36" branch="false"/>
            <line number="884" hits="47" branch="false"/>
            <line number="886" hits="47" branch="false"/>
            <line number="890" hits="0" branch="false"/>
            <line number="892" hits="0" branch="false"/>
            <line number="896" hits="47" branch="false"/>
            <line number="899" hits="47" branch="false"/>
            <line number="909" hits="15" branch="false"/>
            <line number="911" hits="15" branch="false"/>
            <line number="914" hits="15" branch="true" condition-coverage="0% (0/1)"/>
            <line number="916" hits="0" branch="false"/>
            <line number="919" hits="0" branch="false"/>
            <line number="923" hits="15" branch="false"/>
            <line number="925" hits="15" branch="false"/>
            <line number="927" hits="15" branch="true" condition-coverage="50% (1/2)"/>
            <line number="929" hits="15" branch="false"/>
            <line number="931" hits="15" branch="false"/>
            <line number="933" hits="15" branch="false"/>
            <line number="935" hits="15" branch="true" condition-coverage="50% (1/2)"/>
            <line number="937" hits="0" branch="false"/>
            <line number="939" hits="0" branch="false"/>
            <line number="943" hits="15" branch="false"/>
            <line number="945" hits="15" branch="true" condition-coverage="100% (1/1)"/>
            <line number="948" hits="15" branch="true" condition-coverage="100% (1/1)"/>
            <line number="950" hits="15" branch="true" condition-coverage="100% (2/2)"/>
            <line number="952" hits="1" branch="false"/>
            <line number="954" hits="1" branch="false"/>
            <line number="958" hits="14" branch="false"/>
            <line number="960" hits="14" branch="true" condition-coverage="100% (1/1)"/>
            <line number="963" hits="15" branch="true" condition-coverage="100% (1/1)"/>
            <line number="965" hits="14" branch="true" condition-coverage="50% (1/2)"/>
            <line number="967" hits="0" branch="false"/>
            <line number="969" hits="0" branch="false"/>
            <line number="973" hits="14" branch="false"/>
            <line number="975" hits="14" branch="true" condition-coverage="100% (1/1)"/>
            <line number="978" hits="14" branch="true" condition-coverage="100% (1/1)"/>
            <line number="980" hits="14" branch="true" condition-coverage="50% (1/2)"/>
            <line number="982" hits="0" branch="false"/>
            <line number="984" hits="0" branch="false"/>
            <line number="988" hits="14" branch="false"/>
            <line number="990" hits="14" branch="true" condition-coverage="100% (1/1)"/>
            <line number="993" hits="14" branch="true" condition-coverage="100% (1/1)"/>
            <line number="995" hits="14" branch="true" condition-coverage="50% (1/2)"/>
            <line number="997" hits="0" branch="false"/>
            <line number="999" hits="0" branch="false"/>
            <line number="1003" hits="14" branch="false"/>
            <line number="1005" hits="14" branch="true" condition-coverage="100% (1/1)"/>
            <line number="1008" hits="14" branch="true" condition-coverage="100% (1/1)"/>
            <line number="1010" hits="14" branch="true" condition-coverage="50% (1/2)"/>
            <line number="1012" hits="0" branch="false"/>
            <line number="1014" hits="0" branch="false"/>
            <line number="1018" hits="14" branch="false"/>
            <line number="1020" hits="14" branch="true" condition-coverage="100% (1/1)"/>
            <line number="1023" hits="14" branch="true" condition-coverage="100% (1/1)"/>
            <line number="1025" hits="14" branch="true" condition-coverage="100% (2/2)"/>
            <line number="1027" hits="3" branch="false"/>
            <line number="1029" hits="3" branch="false"/>
            <line number="1033" hits="11" branch="false"/>
            <line number="1035" hits="11" branch="true" condition-coverage="100% (1/1)"/>
            <line number="1038" hits="14" branch="true" condition-coverage="100% (1/1)"/>
            <line number="1040" hits="11" branch="true" condition-coverage="50% (1/2)"/>
            <line number="1042" hits="0" branch="false"/>
            <line number="1044" hits="0" branch="false"/>
            <line number="1048" hits="11" branch="false"/>
            <line number="1050" hits="11" branch="true" condition-coverage="100% (1/1)"/>
            <line number="1060" hits="15" branch="true" condition-coverage="100% (2/2)"/>
            <line number="1062" hits="4" branch="false"/>
            <line number="1064" hits="4" branch="false"/>
            <line number="1066" hits="4" branch="true" condition-coverage="50% (1/2)"/>
            <line number="1068" hits="4" branch="false"/>
            <line number="1070" hits="4" branch="false"/>
            <line number="1074" hits="0" branch="false"/>
            <line number="1076" hits="0" branch="false"/>
            <line number="1081" hits="11" branch="false"/>
            <line number="1083" hits="11" branch="false"/>
            <line number="1086" hits="15" branch="false"/>
            <line number="1088" hits="9" branch="false"/>
            <line number="1090" hits="9" branch="false"/>
            <line number="1092" hits="9" branch="true" condition-coverage="50% (1/2)"/>
            <line number="1094" hits="0" branch="false"/>
            <line number="1096" hits="0" branch="false"/>
            <line number="1100" hits="9" branch="false"/>
            <line number="1102" hits="9" branch="true" condition-coverage="100% (1/1)"/>
            <line number="1105" hits="9" branch="true" condition-coverage="100% (1/1)"/>
            <line number="1107" hits="9" branch="true" condition-coverage="50% (1/2)"/>
            <line number="1109" hits="0" branch="false"/>
            <line number="1111" hits="0" branch="false"/>
            <line number="1115" hits="9" branch="false"/>
            <line number="1117" hits="9" branch="true" condition-coverage="100% (1/1)"/>
            <line number="1120" hits="9" branch="true" condition-coverage="100% (1/1)"/>
            <line number="1122" hits="9" branch="true" condition-coverage="50% (1/2)"/>
            <line number="1124" hits="0" branch="false"/>
            <line number="1126" hits="0" branch="false"/>
            <line number="1130" hits="9" branch="false"/>
            <line number="1132" hits="9" branch="true" condition-coverage="100% (1/1)"/>
            <line number="1135" hits="9" branch="true" condition-coverage="100% (1/1)"/>
            <line number="1137" hits="9" branch="true" condition-coverage="50% (1/2)"/>
            <line number="1139" hits="0" branch="false"/>
            <line number="1141" hits="0" branch="false"/>
            <line number="1145" hits="9" branch="false"/>
            <line number="1147" hits="9" branch="true" condition-coverage="100% (1/1)"/>
            <line number="1150" hits="9" branch="true" condition-coverage="100% (1/1)"/>
            <line number="1152" hits="9" branch="true" condition-coverage="100% (2/2)"/>
            <line number="1154" hits="3" branch="false"/>
            <line number="1156" hits="3" branch="false"/>
            <line number="1160" hits="6" branch="false"/>
            <line number="1162" hits="6" branch="true" condition-coverage="100% (1/1)"/>
            <line number="1165" hits="9" branch="true" condition-coverage="100% (1/1)"/>
            <line number="1167" hits="6" branch="true" condition-coverage="50% (1/2)"/>
            <line number="1169" hits="0" branch="false"/>
            <line number="1171" hits="0" branch="false"/>
            <line number="1175" hits="6" branch="false"/>
            <line number="1177" hits="6" branch="true" condition-coverage="100% (1/1)"/>
            <line number="1180" hits="6" branch="true" condition-coverage="100% (1/1)"/>
            <line number="1182" hits="6" branch="true" condition-coverage="100% (2/2)"/>
            <line number="1184" hits="2" branch="false"/>
            <line number="1186" hits="2" branch="false"/>
            <line number="1190" hits="4" branch="false"/>
            <line number="1192" hits="4" branch="true" condition-coverage="100% (1/1)"/>
            <line number="1195" hits="6" branch="true" condition-coverage="100% (1/1)"/>
            <line number="1197" hits="4" branch="true" condition-coverage="50% (1/2)"/>
            <line number="1199" hits="0" branch="false"/>
            <line number="1201" hits="0" branch="false"/>
            <line number="1205" hits="4" branch="false"/>
            <line number="1207" hits="4" branch="true" condition-coverage="100% (1/1)"/>
            <line number="1217" hits="9" branch="true" condition-coverage="100% (2/2)"/>
            <line number="1219" hits="5" branch="false"/>
            <line number="1221" hits="5" branch="false"/>
            <line number="1223" hits="5" branch="true" condition-coverage="50% (1/2)"/>
            <line number="1225" hits="5" branch="false"/>
            <line number="1227" hits="5" branch="false"/>
            <line number="1231" hits="0" branch="false"/>
            <line number="1233" hits="0" branch="false"/>
            <line number="1238" hits="4" branch="false"/>
            <line number="1240" hits="4" branch="false"/>
            <line number="1244" hits="15" branch="false"/>
            <line number="1246" hits="15" branch="false"/>
            <line number="1250" hits="0" branch="false"/>
            <line number="1252" hits="0" branch="false"/>
            <line number="1256" hits="15" branch="false"/>
            <line number="1259" hits="15" branch="false"/>
            <line number="1269" hits="24" branch="false"/>
            <line number="1271" hits="24" branch="false"/>
            <line number="1274" hits="24" branch="true" condition-coverage="0% (0/1)"/>
            <line number="1276" hits="0" branch="false"/>
            <line number="1279" hits="0" branch="false"/>
            <line number="1283" hits="24" branch="false"/>
            <line number="1285" hits="24" branch="false"/>
            <line number="1287" hits="24" branch="true" condition-coverage="50% (1/2)"/>
            <line number="1289" hits="24" branch="false"/>
            <line number="1291" hits="24" branch="false"/>
            <line number="1293" hits="24" branch="false"/>
            <line number="1295" hits="24" branch="true" condition-coverage="100% (2/2)"/>
            <line number="1297" hits="7" branch="false"/>
            <line number="1299" hits="7" branch="false"/>
            <line number="1303" hits="17" branch="false"/>
            <line number="1305" hits="17" branch="true" condition-coverage="100% (1/1)"/>
            <line number="1308" hits="24" branch="true" condition-coverage="100% (1/1)"/>
            <line number="1310" hits="17" branch="true" condition-coverage="100% (2/2)"/>
            <line number="1312" hits="1" branch="false"/>
            <line number="1314" hits="1" branch="false"/>
            <line number="1318" hits="16" branch="false"/>
            <line number="1320" hits="16" branch="true" condition-coverage="100% (1/1)"/>
            <line number="1323" hits="17" branch="true" condition-coverage="100% (1/1)"/>
            <line number="1325" hits="16" branch="true" condition-coverage="50% (1/2)"/>
            <line number="1327" hits="0" branch="false"/>
            <line number="1329" hits="0" branch="false"/>
            <line number="1333" hits="16" branch="false"/>
            <line number="1335" hits="16" branch="true" condition-coverage="100% (1/1)"/>
            <line number="1340" hits="24" branch="true" condition-coverage="100% (2/2)"/>
            <line number="1342" hits="8" branch="false"/>
            <line number="1344" hits="8" branch="false"/>
            <line number="1346" hits="8" branch="true" condition-coverage="50% (1/2)"/>
            <line number="1348" hits="8" branch="false"/>
            <line number="1350" hits="8" branch="false"/>
            <line number="1354" hits="0" branch="false"/>
            <line number="1356" hits="0" branch="false"/>
            <line number="1361" hits="16" branch="false"/>
            <line number="1363" hits="16" branch="false"/>
            <line number="1366" hits="24" branch="false"/>
            <line number="1368" hits="10" branch="false"/>
            <line number="1370" hits="10" branch="false"/>
            <line number="1372" hits="10" branch="true" condition-coverage="100% (2/2)"/>
            <line number="1374" hits="1" branch="false"/>
            <line number="1376" hits="1" branch="false"/>
            <line number="1380" hits="9" branch="false"/>
            <line number="1382" hits="9" branch="true" condition-coverage="100% (1/1)"/>
            <line number="1385" hits="10" branch="true" condition-coverage="100% (1/1)"/>
            <line number="1387" hits="9" branch="true" condition-coverage="100% (2/2)"/>
            <line number="1389" hits="1" branch="false"/>
            <line number="1391" hits="1" branch="false"/>
            <line number="1395" hits="8" branch="false"/>
            <line number="1397" hits="8" branch="true" condition-coverage="100% (1/1)"/>
            <line number="1400" hits="9" branch="true" condition-coverage="100% (1/1)"/>
            <line number="1402" hits="8" branch="true" condition-coverage="50% (1/2)"/>
            <line number="1404" hits="0" branch="false"/>
            <line number="1406" hits="0" branch="false"/>
            <line number="1410" hits="8" branch="false"/>
            <line number="1412" hits="8" branch="true" condition-coverage="100% (1/1)"/>
            <line number="1417" hits="10" branch="true" condition-coverage="100% (2/2)"/>
            <line number="1419" hits="2" branch="false"/>
            <line number="1421" hits="2" branch="false"/>
            <line number="1423" hits="2" branch="true" condition-coverage="50% (1/2)"/>
            <line number="1425" hits="2" branch="false"/>
            <line number="1427" hits="2" branch="false"/>
            <line number="1431" hits="0" branch="false"/>
            <line number="1433" hits="0" branch="false"/>
            <line number="1438" hits="8" branch="false"/>
            <line number="1440" hits="8" branch="false"/>
            <line number="1444" hits="24" branch="false"/>
            <line number="1446" hits="24" branch="false"/>
            <line number="1450" hits="0" branch="false"/>
            <line number="1452" hits="0" branch="false"/>
            <line number="1456" hits="24" branch="false"/>
            <line number="1459" hits="24" branch="false"/>
            <line number="1469" hits="34" branch="false"/>
            <line number="1471" hits="34" branch="false"/>
            <line number="1474" hits="34" branch="true" condition-coverage="0% (0/1)"/>
            <line number="1476" hits="0" branch="false"/>
            <line number="1479" hits="0" branch="false"/>
            <line number="1483" hits="34" branch="false"/>
            <line number="1485" hits="34" branch="false"/>
            <line number="1487" hits="34" branch="true" condition-coverage="50% (1/2)"/>
            <line number="1489" hits="34" branch="false"/>
            <line number="1491" hits="34" branch="false"/>
            <line number="1493" hits="34" branch="false"/>
            <line number="1495" hits="34" branch="true" condition-coverage="100% (2/2)"/>
            <line number="1497" hits="3" branch="false"/>
            <line number="1499" hits="3" branch="false"/>
            <line number="1503" hits="31" branch="false"/>
            <line number="1505" hits="31" branch="true" condition-coverage="100% (1/1)"/>
            <line number="1508" hits="34" branch="true" condition-coverage="100% (1/1)"/>
            <line number="1510" hits="31" branch="true" condition-coverage="100% (2/2)"/>
            <line number="1512" hits="1" branch="false"/>
            <line number="1514" hits="1" branch="false"/>
            <line number="1518" hits="30" branch="false"/>
            <line number="1520" hits="30" branch="true" condition-coverage="100% (1/1)"/>
            <line number="1523" hits="31" branch="true" condition-coverage="100% (1/1)"/>
            <line number="1525" hits="30" branch="true" condition-coverage="50% (1/2)"/>
            <line number="1527" hits="0" branch="false"/>
            <line number="1529" hits="0" branch="false"/>
            <line number="1533" hits="30" branch="false"/>
            <line number="1535" hits="30" branch="true" condition-coverage="100% (1/1)"/>
            <line number="1538" hits="30" branch="true" condition-coverage="100% (1/1)"/>
            <line number="1540" hits="30" branch="true" condition-coverage="50% (1/2)"/>
            <line number="1542" hits="0" branch="false"/>
            <line number="1544" hits="0" branch="false"/>
            <line number="1548" hits="30" branch="false"/>
            <line number="1550" hits="30" branch="true" condition-coverage="100% (1/1)"/>
            <line number="1556" hits="34" branch="true" condition-coverage="100% (2/2)"/>
            <line number="1558" hits="4" branch="false"/>
            <line number="1560" hits="4" branch="false"/>
            <line number="1562" hits="4" branch="true" condition-coverage="50% (1/2)"/>
            <line number="1564" hits="4" branch="false"/>
            <line number="1566" hits="4" branch="false"/>
            <line number="1570" hits="0" branch="false"/>
            <line number="1572" hits="0" branch="false"/>
            <line number="1577" hits="30" branch="false"/>
            <line number="1579" hits="30" branch="false"/>
            <line number="1582" hits="34" branch="false"/>
            <line number="1584" hits="5" branch="false"/>
            <line number="1586" hits="5" branch="false"/>
            <line number="1588" hits="5" branch="true" condition-coverage="50% (1/2)"/>
            <line number="1590" hits="0" branch="false"/>
            <line number="1592" hits="0" branch="false"/>
            <line number="1596" hits="5" branch="false"/>
            <line number="1598" hits="5" branch="true" condition-coverage="100% (1/1)"/>
            <line number="1601" hits="5" branch="true" condition-coverage="100% (1/1)"/>
            <line number="1603" hits="5" branch="true" condition-coverage="100% (2/2)"/>
            <line number="1605" hits="1" branch="false"/>
            <line number="1607" hits="1" branch="false"/>
            <line number="1611" hits="4" branch="false"/>
            <line number="1613" hits="4" branch="true" condition-coverage="100% (1/1)"/>
            <line number="1616" hits="5" branch="true" condition-coverage="100% (1/1)"/>
            <line number="1618" hits="4" branch="true" condition-coverage="50% (1/2)"/>
            <line number="1620" hits="0" branch="false"/>
            <line number="1622" hits="0" branch="false"/>
            <line number="1626" hits="4" branch="false"/>
            <line number="1628" hits="4" branch="true" condition-coverage="100% (1/1)"/>
            <line number="1631" hits="4" branch="true" condition-coverage="100% (1/1)"/>
            <line number="1633" hits="4" branch="true" condition-coverage="50% (1/2)"/>
            <line number="1635" hits="0" branch="false"/>
            <line number="1637" hits="0" branch="false"/>
            <line number="1641" hits="4" branch="false"/>
            <line number="1643" hits="4" branch="true" condition-coverage="100% (1/1)"/>
            <line number="1649" hits="5" branch="true" condition-coverage="100% (2/2)"/>
            <line number="1651" hits="1" branch="false"/>
            <line number="1653" hits="1" branch="false"/>
            <line number="1655" hits="1" branch="true" condition-coverage="50% (1/2)"/>
            <line number="1657" hits="1" branch="false"/>
            <line number="1659" hits="1" branch="false"/>
            <line number="1663" hits="0" branch="false"/>
            <line number="1665" hits="0" branch="false"/>
            <line number="1670" hits="4" branch="false"/>
            <line number="1672" hits="4" branch="false"/>
            <line number="1676" hits="34" branch="false"/>
            <line number="1678" hits="34" branch="false"/>
            <line number="1682" hits="0" branch="false"/>
            <line number="1684" hits="0" branch="false"/>
            <line number="1688" hits="34" branch="false"/>
            <line number="1691" hits="34" branch="false"/>
            <line number="1701" hits="39" branch="false"/>
            <line number="1703" hits="39" branch="false"/>
            <line number="1706" hits="39" branch="true" condition-coverage="0% (0/1)"/>
            <line number="1708" hits="0" branch="false"/>
            <line number="1711" hits="0" branch="false"/>
            <line number="1715" hits="39" branch="false"/>
            <line number="1717" hits="39" branch="false"/>
            <line number="1719" hits="39" branch="true" condition-coverage="50% (1/2)"/>
            <line number="1721" hits="39" branch="false"/>
            <line number="1723" hits="39" branch="false"/>
            <line number="1725" hits="39" branch="false"/>
            <line number="1727" hits="39" branch="true" condition-coverage="100% (2/2)"/>
            <line number="1729" hits="1" branch="false"/>
            <line number="1731" hits="1" branch="false"/>
            <line number="1735" hits="38" branch="false"/>
            <line number="1737" hits="38" branch="true" condition-coverage="100% (1/1)"/>
            <line number="1740" hits="39" branch="true" condition-coverage="100% (2/2)"/>
            <line number="1742" hits="1" branch="false"/>
            <line number="1744" hits="1" branch="false"/>
            <line number="1746" hits="1" branch="true" condition-coverage="50% (1/2)"/>
            <line number="1748" hits="1" branch="false"/>
            <line number="1750" hits="1" branch="false"/>
            <line number="1754" hits="0" branch="false"/>
            <line number="1756" hits="0" branch="false"/>
            <line number="1761" hits="38" branch="false"/>
            <line number="1763" hits="38" branch="false"/>
            <line number="1766" hits="39" branch="false"/>
            <line number="1768" hits="1" branch="false"/>
            <line number="1770" hits="1" branch="false"/>
            <line number="1772" hits="1" branch="true" condition-coverage="50% (1/2)"/>
            <line number="1774" hits="0" branch="false"/>
            <line number="1776" hits="0" branch="false"/>
            <line number="1780" hits="1" branch="false"/>
            <line number="1782" hits="1" branch="true" condition-coverage="100% (1/1)"/>
            <line number="1785" hits="1" branch="true" condition-coverage="50% (1/2)"/>
            <line number="1787" hits="0" branch="false"/>
            <line number="1789" hits="0" branch="false"/>
            <line number="1791" hits="0" branch="true" condition-coverage="0% (0/2)"/>
            <line number="1793" hits="0" branch="false"/>
            <line number="1795" hits="0" branch="false"/>
            <line number="1799" hits="0" branch="false"/>
            <line number="1801" hits="0" branch="false"/>
            <line number="1806" hits="1" branch="false"/>
            <line number="1808" hits="1" branch="false"/>
            <line number="1812" hits="39" branch="false"/>
            <line number="1814" hits="39" branch="false"/>
            <line number="1818" hits="0" branch="false"/>
            <line number="1820" hits="0" branch="false"/>
            <line number="1824" hits="39" branch="false"/>
            <line number="1827" hits="39" branch="false"/>
            <line number="1837" hits="40" branch="false"/>
            <line number="1839" hits="40" branch="false"/>
            <line number="1842" hits="40" branch="true" condition-coverage="0% (0/1)"/>
            <line number="1844" hits="0" branch="false"/>
            <line number="1847" hits="0" branch="false"/>
            <line number="1851" hits="40" branch="false"/>
            <line number="1853" hits="40" branch="false"/>
            <line number="1855" hits="40" branch="true" condition-coverage="50% (1/2)"/>
            <line number="1857" hits="40" branch="false"/>
            <line number="1859" hits="40" branch="false"/>
            <line number="1861" hits="40" branch="false"/>
            <line number="1863" hits="40" branch="true" condition-coverage="100% (2/2)"/>
            <line number="1865" hits="1" branch="false"/>
            <line number="1867" hits="1" branch="false"/>
            <line number="1871" hits="39" branch="false"/>
            <line number="1873" hits="39" branch="true" condition-coverage="100% (1/1)"/>
            <line number="1876" hits="40" branch="true" condition-coverage="100% (1/1)"/>
            <line number="1878" hits="39" branch="true" condition-coverage="50% (1/2)"/>
            <line number="1880" hits="0" branch="false"/>
            <line number="1882" hits="0" branch="false"/>
            <line number="1886" hits="39" branch="false"/>
            <line number="1888" hits="39" branch="true" condition-coverage="100% (1/1)"/>
            <line number="1892" hits="40" branch="true" condition-coverage="100% (2/2)"/>
            <line number="1894" hits="1" branch="false"/>
            <line number="1896" hits="1" branch="false"/>
            <line number="1898" hits="1" branch="true" condition-coverage="50% (1/2)"/>
            <line number="1900" hits="1" branch="false"/>
            <line number="1902" hits="1" branch="false"/>
            <line number="1906" hits="0" branch="false"/>
            <line number="1908" hits="0" branch="false"/>
            <line number="1913" hits="39" branch="false"/>
            <line number="1915" hits="39" branch="false"/>
            <line number="1918" hits="40" branch="false"/>
            <line number="1920" hits="1" branch="false"/>
            <line number="1922" hits="1" branch="false"/>
            <line number="1924" hits="1" branch="true" condition-coverage="50% (1/2)"/>
            <line number="1926" hits="0" branch="false"/>
            <line number="1928" hits="0" branch="false"/>
            <line number="1932" hits="1" branch="false"/>
            <line number="1934" hits="1" branch="true" condition-coverage="100% (1/1)"/>
            <line number="1937" hits="1" branch="true" condition-coverage="100% (1/1)"/>
            <line number="1939" hits="1" branch="true" condition-coverage="50% (1/2)"/>
            <line number="1941" hits="0" branch="false"/>
            <line number="1943" hits="0" branch="false"/>
            <line number="1947" hits="1" branch="false"/>
            <line number="1949" hits="1" branch="true" condition-coverage="100% (1/1)"/>
            <line number="1953" hits="1" branch="true" condition-coverage="50% (1/2)"/>
            <line number="1955" hits="0" branch="false"/>
            <line number="1957" hits="0" branch="false"/>
            <line number="1959" hits="0" branch="true" condition-coverage="0% (0/2)"/>
            <line number="1961" hits="0" branch="false"/>
            <line number="1963" hits="0" branch="false"/>
            <line number="1967" hits="0" branch="false"/>
            <line number="1969" hits="0" branch="false"/>
            <line number="1974" hits="1" branch="false"/>
            <line number="1976" hits="1" branch="false"/>
            <line number="1980" hits="40" branch="false"/>
            <line number="1982" hits="40" branch="false"/>
            <line number="1986" hits="0" branch="false"/>
            <line number="1988" hits="0" branch="false"/>
            <line number="1992" hits="40" branch="false"/>
            <line number="1995" hits="40" branch="false"/>
            <line number="2005" hits="41" branch="false"/>
            <line number="2007" hits="41" branch="false"/>
            <line number="2010" hits="41" branch="true" condition-coverage="0% (0/1)"/>
            <line number="2012" hits="0" branch="false"/>
            <line number="2015" hits="0" branch="false"/>
            <line number="2019" hits="41" branch="false"/>
            <line number="2021" hits="41" branch="false"/>
            <line number="2023" hits="41" branch="true" condition-coverage="50% (1/2)"/>
            <line number="2025" hits="41" branch="false"/>
            <line number="2027" hits="41" branch="false"/>
            <line number="2029" hits="41" branch="false"/>
            <line number="2031" hits="41" branch="true" condition-coverage="100% (2/2)"/>
            <line number="2033" hits="5" branch="false"/>
            <line number="2035" hits="5" branch="false"/>
            <line number="2039" hits="36" branch="false"/>
            <line number="2041" hits="36" branch="true" condition-coverage="100% (1/1)"/>
            <line number="2044" hits="41" branch="true" condition-coverage="100% (2/2)"/>
            <line number="2046" hits="5" branch="false"/>
            <line number="2048" hits="5" branch="false"/>
            <line number="2050" hits="5" branch="true" condition-coverage="50% (1/2)"/>
            <line number="2052" hits="5" branch="false"/>
            <line number="2054" hits="5" branch="false"/>
            <line number="2058" hits="0" branch="false"/>
            <line number="2060" hits="0" branch="false"/>
            <line number="2065" hits="36" branch="false"/>
            <line number="2067" hits="36" branch="false"/>
            <line number="2070" hits="41" branch="false"/>
            <line number="2072" hits="5" branch="false"/>
[...]
            <line number="4920" hits="0" branch="false"/>
            <line number="4923" hits="4" branch="true" condition-coverage="50% (1/2)"/>
            <line number="4925" hits="4" branch="false"/>
            <line number="4929" hits="0" branch="false"/>
            <line number="4933" hits="4" branch="false"/>
            <line number="4936" hits="4" branch="false"/>
            <line number="4946" hits="2" branch="false"/>
            <line number="4948" hits="2" branch="false"/>
            <line number="4951" hits="2" branch="true" condition-coverage="0% (0/1)"/>
            <line number="4953" hits="0" branch="false"/>
            <line number="4956" hits="0" branch="false"/>
            <line number="4960" hits="2" branch="false"/>
            <line number="4962" hits="2" branch="true" condition-coverage="100% (2/2)"/>
            <line number="4964" hits="1" branch="false"/>
            <line number="4966" hits="1" branch="false"/>
            <line number="4970" hits="1" branch="false"/>
            <line number="4972" hits="1" branch="true" condition-coverage="100% (1/1)"/>
            <line number="4975" hits="2" branch="true" condition-coverage="100% (1/1)"/>
            <line number="4977" hits="1" branch="false"/>
            <line number="4979" hits="1" branch="true" condition-coverage="50% (1/2)"/>
            <line number="4981" hits="0" branch="false"/>
            <line number="4983" hits="0" branch="false"/>
            <line number="4987" hits="1" branch="false"/>
            <line number="4989" hits="1" branch="true" condition-coverage="100% (1/1)"/>
            <line number="4992" hits="1" branch="true" condition-coverage="100% (1/1)"/>
            <line number="4994" hits="1" branch="true" condition-coverage="50% (1/2)"/>
            <line number="4996" hits="1" branch="false"/>
            <line number="4998" hits="1" branch="false"/>
            <line number="5002" hits="0" branch="false"/>
            <line number="5004" hits="0" branch="true" condition-coverage="0% (0/1)"/>
            <line number="5008" hits="1" branch="true" condition-coverage="50% (1/2)"/>
            <line number="5010" hits="1" branch="true" condition-coverage="50% (1/2)"/>
            <line number="5012" hits="1" branch="false"/>
            <line number="5014" hits="1" branch="false"/>
            <line number="5018" hits="0" branch="false"/>
            <line number="5020" hits="0" branch="true" condition-coverage="0% (0/1)"/>
            <line number="5023" hits="1" branch="true" condition-coverage="50% (1/2)"/>
            <line number="5025" hits="1" branch="true" condition-coverage="50% (1/2)"/>
            <line number="5027" hits="1" branch="false"/>
            <line number="5029" hits="1" branch="false"/>
            <line number="5033" hits="0" branch="false"/>
            <line number="5035" hits="0" branch="true" condition-coverage="0% (0/1)"/>
            <line number="5038" hits="1" branch="true" condition-coverage="50% (1/2)"/>
            <line number="5040" hits="1" branch="true" condition-coverage="50% (1/2)"/>
            <line number="5042" hits="1" branch="false"/>
            <line number="5044" hits="1" branch="false"/>
            <line number="5048" hits="0" branch="false"/>
            <line number="5050" hits="0" branch="true" condition-coverage="0% (0/1)"/>
            <line number="5053" hits="1" branch="true" condition-coverage="50% (1/2)"/>
            <line number="5055" hits="1" branch="true" condition-coverage="50% (1/2)"/>
            <line number="5057" hits="1" branch="false"/>
            <line number="5059" hits="1" branch="false"/>
            <line number="5063" hits="0" branch="false"/>
            <line number="5065" hits="0" branch="true" condition-coverage="0% (0/1)"/>
            <line number="5068" hits="1" branch="true" condition-coverage="50% (1/2)"/>
            <line number="5070" hits="1" branch="true" condition-coverage="50% (1/2)"/>
            <line number="5072" hits="1" branch="false"/>
            <line number="5074" hits="1" branch="false"/>
            <line number="5078" hits="0" branch="false"/>
            <line number="5080" hits="0" branch="true" condition-coverage="0% (0/1)"/>
            <line number="5083" hits="1" branch="true" condition-coverage="50% (1/2)"/>
            <line number="5085" hits="1" branch="false"/>
            <line number="5087" hits="1" branch="false"/>
            <line number="5091" hits="0" branch="false"/>
            <line number="5093" hits="0" branch="false"/>
            <line number="5098" hits="0" branch="false"/>
            <line number="5100" hits="0" branch="false"/>
            <line number="5105" hits="0" branch="false"/>
            <line number="5107" hits="0" branch="false"/>
            <line number="5112" hits="0" branch="false"/>
            <line number="5114" hits="0" branch="false"/>
            <line number="5119" hits="0" branch="false"/>
            <line number="5121" hits="0" branch="false"/>
            <line number="5126" hits="0" branch="false"/>
            <line number="5128" hits="0" branch="false"/>
            <line number="5132" hits="2" branch="true" condition-coverage="50% (1/2)"/>
            <line number="5134" hits="2" branch="false"/>
            <line number="5138" hits="0" branch="false"/>
            <line number="5142" hits="2" branch="false"/>
            <line number="5145" hits="2" branch="false"/>
            <line number="5155" hits="63" branch="false"/>
            <line number="5157" hits="63" branch="false"/>
            <line number="5160" hits="63" branch="true" condition-coverage="0% (0/1)"/>
            <line number="5162" hits="0" branch="false"/>
            <line number="5165" hits="0" branch="false"/>
            <line number="5169" hits="63" branch="false"/>
            <line number="5171" hits="63" branch="false"/>
            <line number="5173" hits="63" branch="true" condition-coverage="100% (2/2)"/>
            <line number="5175" hits="21" branch="false"/>
            <line number="5177" hits="21" branch="false"/>
            <line number="5181" hits="42" branch="false"/>
            <line number="5183" hits="42" branch="true" condition-coverage="100% (1/1)"/>
            <line number="5186" hits="63" branch="true" condition-coverage="100% (1/1)"/>
            <line number="5188" hits="42" branch="true" condition-coverage="50% (1/2)"/>
            <line number="5190" hits="0" branch="false"/>
            <line number="5192" hits="0" branch="false"/>
            <line number="5196" hits="42" branch="false"/>
            <line number="5198" hits="42" branch="true" condition-coverage="100% (1/1)"/>
            <line number="5202" hits="63" branch="true" condition-coverage="100% (2/2)"/>
            <line number="5204" hits="21" branch="false"/>
            <line number="5206" hits="21" branch="true" condition-coverage="100% (2/2)"/>
            <line number="5208" hits="20" branch="false"/>
            <line number="5210" hits="20" branch="false"/>
            <line number="5214" hits="1" branch="false"/>
            <line number="5216" hits="1" branch="true" condition-coverage="100% (1/1)"/>
            <line number="5219" hits="21" branch="true" condition-coverage="100% (1/1)"/>
            <line number="5221" hits="1" branch="true" condition-coverage="50% (1/2)"/>
            <line number="5223" hits="0" branch="false"/>
            <line number="5225" hits="0" branch="false"/>
            <line number="5229" hits="1" branch="false"/>
            <line number="5231" hits="1" branch="true" condition-coverage="100% (1/1)"/>
            <line number="5235" hits="21" branch="false"/>
            <line number="5237" hits="77" branch="false"/>
            <line number="5239" hits="77" branch="true" condition-coverage="100% (2/2)"/>
            <line number="5241" hits="57" branch="false"/>
            <line number="5243" hits="57" branch="false"/>
            <line number="5247" hits="20" branch="false"/>
            <line number="5249" hits="20" branch="true" condition-coverage="100% (1/1)"/>
            <line number="5252" hits="77" branch="true" condition-coverage="100% (1/1)"/>
            <line number="5254" hits="20" branch="true" condition-coverage="50% (1/2)"/>
            <line number="5256" hits="0" branch="false"/>
            <line number="5258" hits="0" branch="false"/>
            <line number="5262" hits="20" branch="false"/>
            <line number="5264" hits="20" branch="true" condition-coverage="100% (1/1)"/>
            <line number="5269" hits="21" branch="false"/>
            <line number="5271" hits="21" branch="false"/>
            <line number="5275" hits="42" branch="false"/>
            <line number="5277" hits="42" branch="false"/>
            <line number="5280" hits="63" branch="true" condition-coverage="100% (2/2)"/>
            <line number="5282" hits="21" branch="false"/>
            <line number="5286" hits="42" branch="false"/>
            <line number="5290" hits="63" branch="false"/>
            <line number="5293" hits="63" branch="false"/>
            <line number="5303" hits="42" branch="false"/>
            <line number="5305" hits="42" branch="false"/>
            <line number="5308" hits="42" branch="true" condition-coverage="0% (0/1)"/>
            <line number="5310" hits="0" branch="false"/>
            <line number="5313" hits="0" branch="false"/>
            <line number="5317" hits="42" branch="false"/>
            <line number="5319" hits="42" branch="true" condition-coverage="100% (2/2)"/>
            <line number="5321" hits="2" branch="false"/>
            <line number="5323" hits="2" branch="false"/>
            <line number="5327" hits="40" branch="false"/>
            <line number="5329" hits="40" branch="true" condition-coverage="100% (1/1)"/>
            <line number="5332" hits="42" branch="true" condition-coverage="100% (2/2)"/>
            <line number="5334" hits="2" branch="false"/>
            <line number="5336" hits="2" branch="false"/>
            <line number="5338" hits="2" branch="true" condition-coverage="50% (1/2)"/>
            <line number="5340" hits="2" branch="false"/>
            <line number="5342" hits="2" branch="false"/>
            <line number="5346" hits="0" branch="false"/>
            <line number="5348" hits="0" branch="true" condition-coverage="0% (0/1)"/>
            <line number="5351" hits="2" branch="false"/>
            <line number="5353" hits="34" branch="false"/>
            <line number="5355" hits="34" branch="true" condition-coverage="100% (2/2)"/>
            <line number="5357" hits="32" branch="false"/>
            <line number="5359" hits="32" branch="false"/>
            <line number="5363" hits="2" branch="false"/>
            <line number="5365" hits="2" branch="true" condition-coverage="100% (1/1)"/>
            <line number="5369" hits="2" branch="false"/>
            <line number="5371" hits="2" branch="true" condition-coverage="50% (1/2)"/>
            <line number="5373" hits="2" branch="false"/>
            <line number="5375" hits="2" branch="false"/>
            <line number="5379" hits="0" branch="false"/>
            <line number="5381" hits="0" branch="true" condition-coverage="0% (0/1)"/>
            <line number="5384" hits="2" branch="true" condition-coverage="50% (1/2)"/>
            <line number="5386" hits="2" branch="false"/>
            <line number="5388" hits="2" branch="false"/>
            <line number="5392" hits="0" branch="false"/>
            <line number="5394" hits="0" branch="false"/>
            <line number="5399" hits="40" branch="false"/>
            <line number="5401" hits="40" branch="false"/>
            <line number="5405" hits="42" branch="false"/>
            <line number="5408" hits="42" branch="false"/>
            <line number="5418" hits="29" branch="false"/>
            <line number="5420" hits="29" branch="false"/>
            <line number="5423" hits="29" branch="true" condition-coverage="0% (0/1)"/>
            <line number="5425" hits="0" branch="false"/>
            <line number="5428" hits="0" branch="false"/>
            <line number="5432" hits="29" branch="false"/>
            <line number="5434" hits="29" branch="true" condition-coverage="100% (2/2)"/>
            <line number="5436" hits="4" branch="false"/>
            <line number="5438" hits="4" branch="false"/>
            <line number="5442" hits="25" branch="false"/>
            <line number="5444" hits="25" branch="true" condition-coverage="100% (1/1)"/>
            <line number="5447" hits="29" branch="true" condition-coverage="100% (2/2)"/>
            <line number="5449" hits="4" branch="false"/>
            <line number="5451" hits="4" branch="false"/>
            <line number="5453" hits="4" branch="true" condition-coverage="50% (1/2)"/>
            <line number="5455" hits="4" branch="false"/>
            <line number="5457" hits="4" branch="false"/>
            <line number="5461" hits="0" branch="false"/>
            <line number="5463" hits="0" branch="true" condition-coverage="0% (0/1)"/>
            <line number="5466" hits="4" branch="false"/>
            <line number="5468" hits="20" branch="false"/>
            <line number="5470" hits="20" branch="true" condition-coverage="100% (2/2)"/>
            <line number="5472" hits="16" branch="false"/>
            <line number="5474" hits="16" branch="false"/>
            <line number="5478" hits="4" branch="false"/>
            <line number="5480" hits="4" branch="true" condition-coverage="100% (1/1)"/>
            <line number="5484" hits="4" branch="false"/>
            <line number="5486" hits="4" branch="true" condition-coverage="50% (1/2)"/>
            <line number="5488" hits="4" branch="false"/>
            <line number="5490" hits="4" branch="false"/>
            <line number="5494" hits="0" branch="false"/>
            <line number="5496" hits="0" branch="true" condition-coverage="0% (0/1)"/>
            <line number="5499" hits="4" branch="true" condition-coverage="50% (1/2)"/>
            <line number="5501" hits="4" branch="false"/>
            <line number="5503" hits="4" branch="false"/>
            <line number="5507" hits="0" branch="false"/>
            <line number="5509" hits="0" branch="false"/>
            <line number="5514" hits="25" branch="false"/>
            <line number="5516" hits="25" branch="false"/>
            <line number="5520" hits="29" branch="false"/>
            <line number="5523" hits="29" branch="false"/>
            <line number="5533" hits="350" branch="false"/>
            <line number="5535" hits="350" branch="false"/>
            <line number="5538" hits="350" branch="true" condition-coverage="100% (1/1)"/>
            <line number="5540" hits="224" branch="false"/>
            <line number="5543" hits="224" branch="false"/>
            <line number="5547" hits="126" branch="false"/>
            <line number="5549" hits="126" branch="false"/>
            <line number="5551" hits="126" branch="true" condition-coverage="50% (1/2)"/>
            <line number="5553" hits="0" branch="false"/>
            <line number="5555" hits="0" branch="false"/>
            <line number="5559" hits="126" branch="false"/>
            <line number="5561" hits="126" branch="true" condition-coverage="0% (0/1)"/>
            <line number="5564" hits="126" branch="true" condition-coverage="100% (1/1)"/>
            <line number="5566" hits="126" branch="true" condition-coverage="50% (1/2)"/>
            <line number="5568" hits="0" branch="false"/>
            <line number="5570" hits="0" branch="false"/>
            <line number="5574" hits="126" branch="false"/>
            <line number="5576" hits="126" branch="true" condition-coverage="0% (0/1)"/>
            <line number="5579" hits="126" branch="true" condition-coverage="100% (1/1)"/>
            <line number="5581" hits="126" branch="true" condition-coverage="50% (1/2)"/>
            <line number="5583" hits="0" branch="false"/>
            <line number="5585" hits="0" branch="false"/>
            <line number="5589" hits="126" branch="false"/>
            <line number="5591" hits="126" branch="true" condition-coverage="0% (0/1)"/>
            <line number="5594" hits="126" branch="true" condition-coverage="100% (1/1)"/>
            <line number="5596" hits="126" branch="true" condition-coverage="100% (2/2)"/>
            <line number="5598" hits="65" branch="false"/>
            <line number="5600" hits="65" branch="false"/>
            <line number="5604" hits="61" branch="false"/>
            <line number="5606" hits="61" branch="true" condition-coverage="0% (0/1)"/>
            <line number="5612" hits="126" branch="false"/>
            <line number="5614" hits="65" branch="false"/>
            <line number="5616" hits="65" branch="true" condition-coverage="50% (1/2)"/>
            <line number="5618" hits="0" branch="false"/>
            <line number="5620" hits="0" branch="false"/>
            <line number="5624" hits="65" branch="false"/>
            <line number="5626" hits="65" branch="true" condition-coverage="0% (0/1)"/>
            <line number="5629" hits="65" branch="true" condition-coverage="100% (1/1)"/>
            <line number="5631" hits="65" branch="true" condition-coverage="50% (1/2)"/>
            <line number="5633" hits="0" branch="false"/>
            <line number="5635" hits="0" branch="false"/>
            <line number="5639" hits="65" branch="false"/>
            <line number="5641" hits="65" branch="true" condition-coverage="0% (0/1)"/>
            <line number="5644" hits="65" branch="true" condition-coverage="100% (1/1)"/>
            <line number="5646" hits="65" branch="true" condition-coverage="50% (1/2)"/>
            <line number="5648" hits="0" branch="false"/>
            <line number="5650" hits="0" branch="false"/>
            <line number="5654" hits="65" branch="false"/>
            <line number="5656" hits="65" branch="true" condition-coverage="0% (0/1)"/>
            <line number="5659" hits="65" branch="true" condition-coverage="100% (1/1)"/>
            <line number="5661" hits="65" branch="true" condition-coverage="50% (1/2)"/>
            <line number="5663" hits="0" branch="false"/>
            <line number="5665" hits="0" branch="false"/>
            <line number="5669" hits="65" branch="false"/>
            <line number="5671" hits="65" branch="true" condition-coverage="0% (0/1)"/>
            <line number="5678" hits="126" branch="false"/>
            <line number="5680" hits="126" branch="false"/>
            <line number="5682" hits="126" branch="true" condition-coverage="100% (1/1)"/>
            <line number="5685" hits="126" branch="false"/>
            <line number="5688" hits="126" branch="false"/>
            <line number="5695" hits="285" branch="false"/>
            <line number="5697" hits="32" branch="false"/>
            <line number="5714" hits="145" branch="false"/>
            <line number="5716" hits="145" branch="true" condition-coverage="100% (1/1)"/>
            <line number="5718" hits="145" branch="true" condition-coverage="100% (1/1)"/>
            <line number="5720" hits="145" branch="false"/>
            <line number="5724" hits="12" branch="false"/>
            <line number="5727" hits="12" branch="true" condition-coverage="75% (3/4)"/>
            <line number="5729" hits="12" branch="false"/>
            <line number="5733" hits="0" branch="true" condition-coverage="0% (0/3)"/>
            <line number="5735" hits="0" branch="false"/>
            <line number="5739" hits="0" branch="false"/>
            <line number="5755" hits="2" branch="false"/>
            <line number="5829" hits="2" branch="false"/>
            <line number="5843" hits="2" branch="false"/>
            <line number="5845" hits="2" branch="false"/>
          </lines>
        </class>
      </classes>
    </package>
  </packages>
</coverage>
