<?xml version="1.0" ?>
<!DOCTYPE coverage SYSTEM "http://cobertura.sourceforge.net/xml/coverage-04.dtd">
<coverage lines-valid="2236" lines-covered="1480" line-rate="0.6618" branches-valid="1122" branches-covered="540" branch-rate="0.48119999999999996" timestamp="1686965328241" complexity="0" version="0.1">
  <sources>
    <source>/Users/ralphparkison/Projects/genfhi-ts/packages/fhirpath</source>
  </sources>
  <packages>
    <package name="main" line-rate="0.6618" branch-rate="0.48119999999999996">
      <classes>
        <class name="parser.js" filename="src/parser.js" line-rate="0.6618" branch-rate="0.48119999999999996">
          <methods>
            <method name="(anonymous_0)" hits="1" signature="()V">
              <lines>
                <line number="10" hits="1"/>
              </lines>
            </method>
            <method name="peg$subclass" hits="1" signature="()V">
              <lines>
                <line number="14" hits="1"/>
              </lines>
            </method>
            <method name="C" hits="1" signature="()V">
              <lines>
                <line number="16" hits="1"/>
              </lines>
            </method>
            <method name="peg$SyntaxError" hits="0" signature="()V">
              <lines>
                <line number="23" hits="0"/>
              </lines>
            </method>
            <method name="peg$padEnd" hits="0" signature="()V">
              <lines>
                <line number="46" hits="0"/>
              </lines>
            </method>
            <method name="(anonymous_5)" hits="0" signature="()V">
              <lines>
                <line number="61" hits="0"/>
              </lines>
            </method>
            <method name="(anonymous_6)" hits="0" signature="()V">
              <lines>
                <line number="123" hits="0"/>
              </lines>
            </method>
            <method name="(anonymous_7)" hits="0" signature="()V">
              <lines>
                <line number="127" hits="0"/>
              </lines>
            </method>
            <method name="(anonymous_8)" hits="0" signature="()V">
              <lines>
                <line number="132" hits="0"/>
              </lines>
            </method>
            <method name="(anonymous_9)" hits="0" signature="()V">
              <lines>
                <line number="134" hits="0"/>
              </lines>
            </method>
            <method name="(anonymous_10)" hits="0" signature="()V">
              <lines>
                <line number="146" hits="0"/>
              </lines>
            </method>
            <method name="(anonymous_11)" hits="0" signature="()V">
              <lines>
                <line number="151" hits="0"/>
              </lines>
            </method>
            <method name="(anonymous_12)" hits="0" signature="()V">
              <lines>
                <line number="156" hits="0"/>
              </lines>
            </method>
            <method name="hex" hits="0" signature="()V">
              <lines>
                <line number="162" hits="0"/>
              </lines>
            </method>
            <method name="literalEscape" hits="0" signature="()V">
              <lines>
                <line number="167" hits="0"/>
              </lines>
            </method>
            <method name="(anonymous_15)" hits="0" signature="()V">
              <lines>
                <line number="183" hits="0"/>
              </lines>
            </method>
            <method name="(anonymous_16)" hits="0" signature="()V">
              <lines>
                <line number="185" hits="0"/>
              </lines>
            </method>
            <method name="classEscape" hits="0" signature="()V">
              <lines>
                <line number="188" hits="0"/>
              </lines>
            </method>
            <method name="(anonymous_18)" hits="0" signature="()V">
              <lines>
                <line number="208" hits="0"/>
              </lines>
            </method>
            <method name="(anonymous_19)" hits="0" signature="()V">
              <lines>
                <line number="210" hits="0"/>
              </lines>
            </method>
            <method name="describeExpectation" hits="0" signature="()V">
              <lines>
                <line number="213" hits="0"/>
              </lines>
            </method>
            <method name="describeExpected" hits="0" signature="()V">
              <lines>
                <line number="218" hits="0"/>
              </lines>
            </method>
            <method name="describeFound" hits="0" signature="()V">
              <lines>
                <line number="261" hits="0"/>
              </lines>
            </method>
            <method name="peg$parse" hits="9" signature="()V">
              <lines>
                <line number="269" hits="9"/>
              </lines>
            </method>
            <method name="(anonymous_24)" hits="12" signature="()V">
              <lines>
                <line number="419" hits="12"/>
              </lines>
            </method>
            <method name="(anonymous_25)" hits="40" signature="()V">
              <lines>
                <line number="422" hits="40"/>
              </lines>
            </method>
            <method name="(anonymous_26)" hits="12" signature="()V">
              <lines>
                <line number="425" hits="12"/>
              </lines>
            </method>
            <method name="(anonymous_27)" hits="21" signature="()V">
              <lines>
                <line number="428" hits="21"/>
              </lines>
            </method>
            <method name="(anonymous_28)" hits="28" signature="()V">
              <lines>
                <line number="431" hits="28"/>
              </lines>
            </method>
            <method name="(anonymous_29)" hits="32" signature="()V">
              <lines>
                <line number="434" hits="32"/>
              </lines>
            </method>
            <method name="(anonymous_30)" hits="33" signature="()V">
              <lines>
                <line number="437" hits="33"/>
              </lines>
            </method>
            <method name="(anonymous_31)" hits="34" signature="()V">
              <lines>
                <line number="440" hits="34"/>
              </lines>
            </method>
            <method name="(anonymous_32)" hits="39" signature="()V">
              <lines>
                <line number="443" hits="39"/>
              </lines>
            </method>
            <method name="(anonymous_33)" hits="39" signature="()V">
              <lines>
                <line number="446" hits="39"/>
              </lines>
            </method>
            <method name="(anonymous_34)" hits="13" signature="()V">
              <lines>
                <line number="449" hits="13"/>
              </lines>
            </method>
            <method name="(anonymous_35)" hits="1" signature="()V">
              <lines>
                <line number="452" hits="1"/>
              </lines>
            </method>
            <method name="(anonymous_36)" hits="0" signature="()V">
              <lines>
                <line number="455" hits="0"/>
              </lines>
            </method>
            <method name="(anonymous_37)" hits="0" signature="()V">
              <lines>
                <line number="458" hits="0"/>
              </lines>
            </method>
            <method name="(anonymous_38)" hits="0" signature="()V">
              <lines>
                <line number="461" hits="0"/>
              </lines>
            </method>
            <method name="(anonymous_39)" hits="14" signature="()V">
              <lines>
                <line number="464" hits="14"/>
              </lines>
            </method>
            <method name="(anonymous_40)" hits="23" signature="()V">
              <lines>
                <line number="467" hits="23"/>
              </lines>
            </method>
            <method name="(anonymous_41)" hits="1" signature="()V">
              <lines>
                <line number="470" hits="1"/>
              </lines>
            </method>
            <method name="(anonymous_42)" hits="7" signature="()V">
              <lines>
                <line number="473" hits="7"/>
              </lines>
            </method>
            <method name="(anonymous_43)" hits="1" signature="()V">
              <lines>
                <line number="476" hits="1"/>
              </lines>
            </method>
            <method name="(anonymous_44)" hits="1" signature="()V">
              <lines>
                <line number="479" hits="1"/>
              </lines>
            </method>
            <method name="(anonymous_45)" hits="1" signature="()V">
              <lines>
                <line number="482" hits="1"/>
              </lines>
            </method>
            <method name="(anonymous_46)" hits="1" signature="()V">
              <lines>
                <line number="485" hits="1"/>
              </lines>
            </method>
            <method name="(anonymous_47)" hits="1" signature="()V">
              <lines>
                <line number="486" hits="1"/>
              </lines>
            </method>
            <method name="(anonymous_48)" hits="0" signature="()V">
              <lines>
                <line number="488" hits="0"/>
              </lines>
            </method>
            <method name="(anonymous_49)" hits="19" signature="()V">
              <lines>
                <line number="491" hits="19"/>
              </lines>
            </method>
            <method name="(anonymous_50)" hits="2" signature="()V">
              <lines>
                <line number="494" hits="2"/>
              </lines>
            </method>
            <method name="(anonymous_51)" hits="1" signature="()V">
              <lines>
                <line number="497" hits="1"/>
              </lines>
            </method>
            <method name="(anonymous_52)" hits="2" signature="()V">
              <lines>
                <line number="500" hits="2"/>
              </lines>
            </method>
            <method name="(anonymous_53)" hits="2" signature="()V">
              <lines>
                <line number="503" hits="2"/>
              </lines>
            </method>
            <method name="(anonymous_54)" hits="2" signature="()V">
              <lines>
                <line number="506" hits="2"/>
              </lines>
            </method>
            <method name="(anonymous_55)" hits="4" signature="()V">
              <lines>
                <line number="509" hits="4"/>
              </lines>
            </method>
            <method name="text" hits="0" signature="()V">
              <lines>
                <line number="539" hits="0"/>
              </lines>
            </method>
            <method name="offset" hits="0" signature="()V">
              <lines>
                <line number="544" hits="0"/>
              </lines>
            </method>
            <method name="range" hits="0" signature="()V">
              <lines>
                <line number="549" hits="0"/>
              </lines>
            </method>
            <method name="location" hits="0" signature="()V">
              <lines>
                <line number="561" hits="0"/>
              </lines>
            </method>
            <method name="expected" hits="0" signature="()V">
              <lines>
                <line number="566" hits="0"/>
              </lines>
            </method>
            <method name="error" hits="0" signature="()V">
              <lines>
                <line number="583" hits="0"/>
              </lines>
            </method>
            <method name="peg$literalExpectation" hits="567" signature="()V">
              <lines>
                <line number="594" hits="567"/>
              </lines>
            </method>
            <method name="peg$classExpectation" hits="45" signature="()V">
              <lines>
                <line number="599" hits="45"/>
              </lines>
            </method>
            <method name="peg$anyExpectation" hits="0" signature="()V">
              <lines>
                <line number="604" hits="0"/>
              </lines>
            </method>
            <method name="peg$endExpectation" hits="0" signature="()V">
              <lines>
                <line number="609" hits="0"/>
              </lines>
            </method>
            <method name="peg$otherExpectation" hits="9" signature="()V">
              <lines>
                <line number="614" hits="9"/>
              </lines>
            </method>
            <method name="peg$computePosDetails" hits="0" signature="()V">
              <lines>
                <line number="619" hits="0"/>
              </lines>
            </method>
            <method name="peg$computeLocation" hits="0" signature="()V">
              <lines>
                <line number="671" hits="0"/>
              </lines>
            </method>
            <method name="peg$fail" hits="1136" signature="()V">
              <lines>
                <line number="710" hits="1136"/>
              </lines>
            </method>
            <method name="peg$buildSimpleError" hits="0" signature="()V">
              <lines>
                <line number="726" hits="0"/>
              </lines>
            </method>
            <method name="peg$buildStructuredError" hits="0" signature="()V">
              <lines>
                <line number="731" hits="0"/>
              </lines>
            </method>
            <method name="peg$parseexpression" hits="12" signature="()V">
              <lines>
                <line number="744" hits="12"/>
              </lines>
            </method>
            <method name="peg$parsenon_op" hits="40" signature="()V">
              <lines>
                <line number="786" hits="40"/>
              </lines>
            </method>
            <method name="peg$parseequality_operation" hits="12" signature="()V">
              <lines>
                <line number="831" hits="12"/>
              </lines>
            </method>
            <method name="peg$parseadditive_operation" hits="21" signature="()V">
              <lines>
                <line number="1236" hits="21"/>
              </lines>
            </method>
            <method name="peg$parsemultiplication_operation" hits="28" signature="()V">
              <lines>
                <line number="1451" hits="28"/>
              </lines>
            </method>
            <method name="peg$parseunion_operation" hits="32" signature="()V">
              <lines>
                <line number="1704" hits="32"/>
              </lines>
            </method>
            <method name="peg$parsemem_operation" hits="33" signature="()V">
              <lines>
                <line number="1843" hits="33"/>
              </lines>
            </method>
            <method name="peg$parseand_operation" hits="34" signature="()V">
              <lines>
                <line number="2020" hits="34"/>
              </lines>
            </method>
            <method name="peg$parseor_operation" hits="39" signature="()V">
              <lines>
                <line number="2159" hits="39"/>
              </lines>
            </method>
            <method name="peg$parseimplies_operation" hits="39" signature="()V">
              <lines>
                <line number="2336" hits="39"/>
              </lines>
            </method>
            <method name="peg$parseexpression_inner" hits="54" signature="()V">
              <lines>
                <line number="2475" hits="54"/>
              </lines>
            </method>
            <method name="peg$parseinvocation_expression" hits="54" signature="()V">
              <lines>
                <line number="2502" hits="54"/>
              </lines>
            </method>
            <method name="peg$parseindexed_expression" hits="41" signature="()V">
              <lines>
                <line number="2573" hits="41"/>
              </lines>
            </method>
            <method name="peg$parseterm" hits="40" signature="()V">
              <lines>
                <line number="2670" hits="40"/>
              </lines>
            </method>
            <method name="peg$parseliteral" hits="24" signature="()V">
              <lines>
                <line number="2775" hits="24"/>
              </lines>
            </method>
            <method name="peg$parseNUMBER" hits="21" signature="()V">
              <lines>
                <line number="2966" hits="21"/>
              </lines>
            </method>
            <method name="peg$parseexternalConstant" hits="1" signature="()V">
              <lines>
                <line number="3155" hits="1"/>
              </lines>
            </method>
            <method name="peg$parseinvocation" hits="53" signature="()V">
              <lines>
                <line number="3224" hits="53"/>
              </lines>
            </method>
            <method name="peg$parsefunction" hits="53" signature="()V">
              <lines>
                <line number="3341" hits="53"/>
              </lines>
            </method>
            <method name="peg$parseparamList" hits="1" signature="()V">
              <lines>
                <line number="3438" hits="1"/>
              </lines>
            </method>
            <method name="peg$parsequantity" hits="1" signature="()V">
              <lines>
                <line number="3579" hits="1"/>
              </lines>
            </method>
            <method name="peg$parseunit" hits="0" signature="()V">
              <lines>
                <line number="3626" hits="0"/>
              </lines>
            </method>
            <method name="peg$parsedateTimePrecision" hits="0" signature="()V">
              <lines>
                <line number="3658" hits="0"/>
              </lines>
            </method>
            <method name="peg$parsepluralDateTimePrecision" hits="0" signature="()V">
              <lines>
                <line number="3839" hits="0"/>
              </lines>
            </method>
            <method name="peg$parseidentifier" hits="106" signature="()V">
              <lines>
                <line number="4020" hits="106"/>
              </lines>
            </method>
            <method name="peg$parseDATE" hits="4" signature="()V">
              <lines>
                <line number="4069" hits="4"/>
              </lines>
            </method>
            <method name="peg$parseDATETIME" hits="6" signature="()V">
              <lines>
                <line number="4133" hits="6"/>
              </lines>
            </method>
            <method name="peg$parseTIME" hits="3" signature="()V">
              <lines>
                <line number="4281" hits="3"/>
              </lines>
            </method>
            <method name="peg$parseDATEFORMAT" hits="8" signature="()V">
              <lines>
                <line number="4371" hits="8"/>
              </lines>
            </method>
            <method name="peg$parseTIMEFORMAT" hits="4" signature="()V">
              <lines>
                <line number="4691" hits="4"/>
              </lines>
            </method>
            <method name="peg$parseTIMEZONEOFFSETFORMAT" hits="2" signature="()V">
              <lines>
                <line number="5053" hits="2"/>
              </lines>
            </method>
            <method name="peg$parseIDENTIFIER" hits="54" signature="()V">
              <lines>
                <line number="5285" hits="54"/>
              </lines>
            </method>
            <method name="peg$parseDELIMITEDIDENTIFIER" hits="35" signature="()V">
              <lines>
                <line number="5445" hits="35"/>
              </lines>
            </method>
            <method name="peg$parseSTRING" hits="24" signature="()V">
              <lines>
                <line number="5566" hits="24"/>
              </lines>
            </method>
            <method name="peg$parseWS" hits="293" signature="()V">
              <lines>
                <line number="5687" hits="293"/>
              </lines>
            </method>
            <method name="buildBinaryExpression" hits="238" signature="()V">
              <lines>
                <line number="5870" hits="238"/>
              </lines>
            </method>
            <method name="(anonymous_108)" hits="28" signature="()V">
              <lines>
                <line number="5872" hits="28"/>
              </lines>
            </method>
            <method name="buildNode" hits="121" signature="()V">
              <lines>
                <line number="5888" hits="121"/>
              </lines>
            </method>
          </methods>
          <lines>
            <line number="3" hits="1" branch="false"/>
            <line number="4" hits="1" branch="false"/>
            <line number="10" hits="1" branch="false"/>
            <line number="16" hits="1" branch="false"/>
            <line number="18" hits="1" branch="false"/>
            <line number="20" hits="1" branch="false"/>
            <line number="25" hits="0" branch="false"/>
            <line number="33" hits="0" branch="false"/>
            <line number="35" hits="0" branch="false"/>
            <line number="37" hits="0" branch="false"/>
            <line number="39" hits="0" branch="false"/>
            <line number="41" hits="0" branch="false"/>
            <line number="44" hits="1" branch="false"/>
            <line number="48" hits="0" branch="true" condition-coverage="0% (0/2)"/>
            <line number="50" hits="0" branch="true" condition-coverage="0% (0/2)"/>
            <line number="51" hits="0" branch="false"/>
            <line number="54" hits="0" branch="false"/>
            <line number="56" hits="0" branch="false"/>
            <line number="58" hits="0" branch="false"/>
            <line number="61" hits="1" branch="false"/>
            <line number="63" hits="0" branch="false"/>
            <line number="65" hits="0" branch="true" condition-coverage="0% (0/2)"/>
            <line number="67" hits="0" branch="false"/>
            <line number="71" hits="0" branch="false"/>
            <line number="73" hits="0" branch="true" condition-coverage="0% (0/2)"/>
            <line number="75" hits="0" branch="false"/>
            <line number="77" hits="0" branch="false"/>
            <line number="81" hits="0" branch="false"/>
            <line number="83" hits="0" branch="true" condition-coverage="0% (0/4)"/>
            <line number="89" hits="0" branch="false"/>
            <line number="91" hits="0" branch="true" condition-coverage="0% (0/2)"/>
            <line number="93" hits="0" branch="false"/>
            <line number="95" hits="0" branch="false"/>
            <line number="97" hits="0" branch="false"/>
            <line number="99" hits="0" branch="true" condition-coverage="0% (0/2)"/>
            <line number="101" hits="0" branch="true" condition-coverage="0% (0/2)"/>
            <line number="103" hits="0" branch="false"/>
            <line number="116" hits="0" branch="false"/>
            <line number="120" hits="0" branch="false"/>
            <line number="123" hits="1" branch="false"/>
            <line number="125" hits="0" branch="false"/>
            <line number="129" hits="0" branch="false"/>
            <line number="134" hits="0" branch="false"/>
            <line number="136" hits="0" branch="true" condition-coverage="0% (0/2)"/>
            <line number="143" hits="0" branch="true" condition-coverage="0% (0/2)"/>
            <line number="148" hits="0" branch="false"/>
            <line number="153" hits="0" branch="false"/>
            <line number="158" hits="0" branch="false"/>
            <line number="164" hits="0" branch="false"/>
            <line number="169" hits="0" branch="false"/>
            <line number="183" hits="0" branch="false"/>
            <line number="185" hits="0" branch="false"/>
            <line number="190" hits="0" branch="false"/>
            <line number="208" hits="0" branch="false"/>
            <line number="210" hits="0" branch="false"/>
            <line number="215" hits="0" branch="false"/>
            <line number="220" hits="0" branch="false"/>
            <line number="224" hits="0" branch="false"/>
            <line number="226" hits="0" branch="true" condition-coverage="0% (0/2)"/>
            <line number="228" hits="0" branch="false"/>
            <line number="230" hits="0" branch="true" condition-coverage="0% (0/2)"/>
            <line number="232" hits="0" branch="false"/>
            <line number="234" hits="0" branch="false"/>
            <line number="238" hits="0" branch="false"/>
            <line number="241" hits="0" branch="true" condition-coverage="0% (0/3)"/>
            <line number="245" hits="0" branch="false"/>
            <line number="249" hits="0" branch="false"/>
            <line number="253" hits="0" branch="false"/>
            <line number="263" hits="0" branch="true" condition-coverage="0% (0/2)"/>
            <line number="266" hits="0" branch="false"/>
            <line number="271" hits="9" branch="true" condition-coverage="50% (1/2)"/>
            <line number="273" hits="9" branch="false"/>
            <line number="275" hits="9" branch="false"/>
            <line number="277" hits="9" branch="false"/>
            <line number="279" hits="9" branch="false"/>
            <line number="281" hits="9" branch="false"/>
            <line number="282" hits="9" branch="false"/>
            <line number="283" hits="9" branch="false"/>
            <line number="284" hits="9" branch="false"/>
            <line number="285" hits="9" branch="false"/>
            <line number="286" hits="9" branch="false"/>
            <line number="287" hits="9" branch="false"/>
            <line number="288" hits="9" branch="false"/>
            <line number="289" hits="9" branch="false"/>
            <line number="290" hits="9" branch="false"/>
            <line number="291" hits="9" branch="false"/>
            <line number="292" hits="9" branch="false"/>
            <line number="293" hits="9" branch="false"/>
            <line number="294" hits="9" branch="false"/>
            <line number="295" hits="9" branch="false"/>
            <line number="296" hits="9" branch="false"/>
            <line number="297" hits="9" branch="false"/>
            <line number="298" hits="9" branch="false"/>
            <line number="299" hits="9" branch="false"/>
            <line number="300" hits="9" branch="false"/>
            <line number="301" hits="9" branch="false"/>
            <line number="302" hits="9" branch="false"/>
            <line number="303" hits="9" branch="false"/>
            <line number="304" hits="9" branch="false"/>
            <line number="305" hits="9" branch="false"/>
            <line number="306" hits="9" branch="false"/>
            <line number="307" hits="9" branch="false"/>
            <line number="308" hits="9" branch="false"/>
            <line number="309" hits="9" branch="false"/>
            <line number="310" hits="9" branch="false"/>
            <line number="311" hits="9" branch="false"/>
            <line number="312" hits="9" branch="false"/>
            <line number="313" hits="9" branch="false"/>
            <line number="314" hits="9" branch="false"/>
            <line number="315" hits="9" branch="false"/>
            <line number="316" hits="9" branch="false"/>
            <line number="317" hits="9" branch="false"/>
            <line number="318" hits="9" branch="false"/>
            <line number="319" hits="9" branch="false"/>
            <line number="320" hits="9" branch="false"/>
            <line number="321" hits="9" branch="false"/>
            <line number="322" hits="9" branch="false"/>
            <line number="323" hits="9" branch="false"/>
            <line number="324" hits="9" branch="false"/>
            <line number="325" hits="9" branch="false"/>
            <line number="326" hits="9" branch="false"/>
            <line number="327" hits="9" branch="false"/>
            <line number="328" hits="9" branch="false"/>
            <line number="329" hits="9" branch="false"/>
            <line number="330" hits="9" branch="false"/>
            <line number="331" hits="9" branch="false"/>
            <line number="332" hits="9" branch="false"/>
            <line number="333" hits="9" branch="false"/>
            <line number="334" hits="9" branch="false"/>
            <line number="335" hits="9" branch="false"/>
            <line number="336" hits="9" branch="false"/>
            <line number="337" hits="9" branch="false"/>
            <line number="338" hits="9" branch="false"/>
            <line number="339" hits="9" branch="false"/>
            <line number="340" hits="9" branch="false"/>
            <line number="341" hits="9" branch="false"/>
            <line number="342" hits="9" branch="false"/>
            <line number="343" hits="9" branch="false"/>
            <line number="344" hits="9" branch="false"/>
            <line number="345" hits="9" branch="false"/>
            <line number="346" hits="9" branch="false"/>
            <line number="347" hits="9" branch="false"/>
            <line number="348" hits="9" branch="false"/>
            <line number="349" hits="9" branch="false"/>
            <line number="350" hits="9" branch="false"/>
            <line number="351" hits="9" branch="false"/>
            <line number="352" hits="9" branch="false"/>
            <line number="353" hits="9" branch="false"/>
            <line number="354" hits="9" branch="false"/>
            <line number="355" hits="9" branch="false"/>
            <line number="356" hits="9" branch="false"/>
            <line number="357" hits="9" branch="false"/>
            <line number="358" hits="9" branch="false"/>
            <line number="359" hits="9" branch="false"/>
            <line number="360" hits="9" branch="false"/>
            <line number="361" hits="9" branch="false"/>
            <line number="362" hits="9" branch="false"/>
            <line number="363" hits="9" branch="false"/>
            <line number="364" hits="9" branch="false"/>
            <line number="365" hits="9" branch="false"/>
            <line number="366" hits="9" branch="false"/>
            <line number="367" hits="9" branch="false"/>
            <line number="368" hits="9" branch="false"/>
            <line number="369" hits="9" branch="false"/>
            <line number="370" hits="9" branch="false"/>
            <line number="371" hits="9" branch="false"/>
            <line number="372" hits="9" branch="false"/>
            <line number="373" hits="9" branch="false"/>
            <line number="374" hits="9" branch="false"/>
            <line number="375" hits="9" branch="false"/>
            <line number="376" hits="9" branch="false"/>
            <line number="377" hits="9" branch="false"/>
            <line number="378" hits="9" branch="false"/>
            <line number="379" hits="9" branch="false"/>
            <line number="380" hits="9" branch="false"/>
            <line number="381" hits="9" branch="false"/>
            <line number="382" hits="9" branch="false"/>
            <line number="383" hits="9" branch="false"/>
            <line number="384" hits="9" branch="false"/>
            <line number="385" hits="9" branch="false"/>
            <line number="386" hits="9" branch="false"/>
            <line number="387" hits="9" branch="false"/>
            <line number="388" hits="9" branch="false"/>
            <line number="389" hits="9" branch="false"/>
            <line number="390" hits="9" branch="false"/>
            <line number="391" hits="9" branch="false"/>
            <line number="392" hits="9" branch="false"/>
            <line number="393" hits="9" branch="false"/>
            <line number="394" hits="9" branch="false"/>
            <line number="395" hits="9" branch="false"/>
            <line number="396" hits="9" branch="false"/>
            <line number="397" hits="9" branch="false"/>
            <line number="398" hits="9" branch="false"/>
            <line number="399" hits="9" branch="false"/>
            <line number="400" hits="9" branch="false"/>
            <line number="401" hits="9" branch="false"/>
            <line number="402" hits="9" branch="false"/>
            <line number="403" hits="9" branch="false"/>
            <line number="404" hits="9" branch="false"/>
            <line number="405" hits="9" branch="false"/>
            <line number="406" hits="9" branch="false"/>
            <line number="407" hits="9" branch="false"/>
            <line number="408" hits="9" branch="false"/>
            <line number="409" hits="9" branch="false"/>
            <line number="410" hits="9" branch="false"/>
            <line number="411" hits="9" branch="false"/>
            <line number="412" hits="9" branch="false"/>
            <line number="413" hits="9" branch="false"/>
            <line number="414" hits="9" branch="false"/>
            <line number="415" hits="9" branch="false"/>
            <line number="416" hits="9" branch="false"/>
            <line number="417" hits="9" branch="false"/>
            <line number="419" hits="9" branch="false"/>
            <line number="420" hits="12" branch="false"/>
            <line number="422" hits="9" branch="false"/>
            <line number="423" hits="40" branch="false"/>
            <line number="425" hits="9" branch="false"/>
            <line number="426" hits="12" branch="false"/>
            <line number="428" hits="9" branch="false"/>
            <line number="429" hits="21" branch="false"/>
            <line number="431" hits="9" branch="false"/>
            <line number="432" hits="28" branch="false"/>
            <line number="434" hits="9" branch="false"/>
            <line number="435" hits="32" branch="false"/>
            <line number="437" hits="9" branch="false"/>
            <line number="438" hits="33" branch="false"/>
            <line number="440" hits="9" branch="false"/>
            <line number="441" hits="34" branch="false"/>
            <line number="443" hits="9" branch="false"/>
            <line number="444" hits="39" branch="false"/>
            <line number="446" hits="9" branch="false"/>
            <line number="447" hits="39" branch="false"/>
            <line number="449" hits="9" branch="false"/>
            <line number="450" hits="13" branch="false"/>
            <line number="452" hits="9" branch="false"/>
            <line number="453" hits="1" branch="false"/>
            <line number="455" hits="9" branch="false"/>
            <line number="456" hits="0" branch="false"/>
            <line number="458" hits="9" branch="false"/>
            <line number="459" hits="0" branch="false"/>
            <line number="461" hits="9" branch="false"/>
            <line number="462" hits="0" branch="false"/>
            <line number="464" hits="9" branch="false"/>
            <line number="465" hits="14" branch="false"/>
            <line number="467" hits="9" branch="false"/>
            <line number="468" hits="23" branch="false"/>
            <line number="470" hits="9" branch="false"/>
            <line number="471" hits="1" branch="false"/>
            <line number="473" hits="9" branch="false"/>
            <line number="474" hits="7" branch="false"/>
            <line number="476" hits="9" branch="false"/>
            <line number="477" hits="1" branch="false"/>
            <line number="479" hits="9" branch="false"/>
            <line number="480" hits="1" branch="false"/>
            <line number="482" hits="9" branch="false"/>
            <line number="483" hits="1" branch="true" condition-coverage="50% (1/2)"/>
            <line number="485" hits="9" branch="false"/>
            <line number="486" hits="1" branch="false"/>
            <line number="488" hits="9" branch="false"/>
            <line number="489" hits="0" branch="false"/>
            <line number="491" hits="9" branch="false"/>
            <line number="492" hits="19" branch="false"/>
            <line number="494" hits="9" branch="false"/>
            <line number="495" hits="2" branch="false"/>
            <line number="497" hits="9" branch="false"/>
            <line number="498" hits="1" branch="false"/>
            <line number="500" hits="9" branch="false"/>
            <line number="501" hits="2" branch="false"/>
            <line number="503" hits="9" branch="false"/>
            <line number="504" hits="2" branch="false"/>
            <line number="506" hits="9" branch="false"/>
            <line number="507" hits="2" branch="false"/>
            <line number="509" hits="9" branch="false"/>
            <line number="510" hits="4" branch="false"/>
            <line number="513" hits="9" branch="false"/>
            <line number="515" hits="9" branch="false"/>
            <line number="517" hits="9" branch="false"/>
            <line number="519" hits="9" branch="false"/>
            <line number="521" hits="9" branch="false"/>
            <line number="523" hits="9" branch="false"/>
            <line number="525" hits="9" branch="false"/>
            <line number="529" hits="9" branch="true" condition-coverage="50% (1/2)"/>
            <line number="531" hits="0" branch="true" condition-coverage="0% (0/2)"/>
            <line number="533" hits="0" branch="false"/>
            <line number="536" hits="0" branch="false"/>
            <line number="541" hits="0" branch="false"/>
            <line number="546" hits="0" branch="false"/>
            <line number="551" hits="0" branch="false"/>
            <line number="563" hits="0" branch="false"/>
            <line number="568" hits="0" branch="true" condition-coverage="0% (0/2)"/>
            <line number="574" hits="0" branch="false"/>
            <line number="585" hits="0" branch="true" condition-coverage="0% (0/2)"/>
            <line number="591" hits="0" branch="false"/>
            <line number="596" hits="567" branch="false"/>
            <line number="601" hits="45" branch="false"/>
            <line number="606" hits="0" branch="false"/>
            <line number="611" hits="0" branch="false"/>
            <line number="616" hits="9" branch="false"/>
            <line number="621" hits="0" branch="false"/>
            <line number="625" hits="0" branch="true" condition-coverage="0% (0/2)"/>
            <line number="627" hits="0" branch="false"/>
            <line number="632" hits="0" branch="false"/>
            <line number="634" hits="0" branch="false"/>
            <line number="636" hits="0" branch="false"/>
            <line number="639" hits="0" branch="false"/>
            <line number="641" hits="0" branch="false"/>
            <line number="648" hits="0" branch="false"/>
            <line number="650" hits="0" branch="true" condition-coverage="0% (0/2)"/>
            <line number="652" hits="0" branch="false"/>
            <line number="654" hits="0" branch="false"/>
            <line number="659" hits="0" branch="false"/>
            <line number="662" hits="0" branch="false"/>
            <line number="665" hits="0" branch="false"/>
            <line number="667" hits="0" branch="false"/>
            <line number="673" hits="0" branch="false"/>
            <line number="675" hits="0" branch="false"/>
            <line number="677" hits="0" branch="false"/>
            <line number="700" hits="0" branch="true" condition-coverage="0% (0/5)"/>
            <line number="702" hits="0" branch="false"/>
            <line number="704" hits="0" branch="false"/>
            <line number="707" hits="0" branch="false"/>
            <line number="712" hits="1136" branch="true" condition-coverage="50% (1/2)"/>
            <line number="713" hits="0" branch="false"/>
            <line number="716" hits="1136" branch="true" condition-coverage="100% (2/2)"/>
            <line number="718" hits="120" branch="false"/>
            <line number="720" hits="120" branch="false"/>
            <line number="723" hits="1136" branch="false"/>
            <line number="728" hits="0" branch="false"/>
            <line number="733" hits="0" branch="false"/>
            <line number="748" hits="12" branch="false"/>
            <line number="750" hits="12" branch="false"/>
            <line number="752" hits="12" branch="true" condition-coverage="50% (1/2)"/>
            <line number="754" hits="0" branch="false"/>
            <line number="756" hits="0" branch="false"/>
            <line number="759" hits="12" branch="false"/>
            <line number="761" hits="12" branch="false"/>
            <line number="763" hits="12" branch="false"/>
            <line number="765" hits="12" branch="true" condition-coverage="50% (1/2)"/>
            <line number="767" hits="12" branch="false"/>
            <line number="769" hits="12" branch="false"/>
            <line number="771" hits="12" branch="false"/>
            <line number="776" hits="0" branch="false"/>
            <line number="778" hits="0" branch="false"/>
            <line number="781" hits="12" branch="false"/>
            <line number="783" hits="12" branch="false"/>
            <line number="790" hits="40" branch="false"/>
            <line number="792" hits="40" branch="false"/>
            <line number="794" hits="40" branch="true" condition-coverage="50% (1/2)"/>
            <line number="796" hits="0" branch="false"/>
            <line number="798" hits="0" branch="false"/>
            <line number="801" hits="40" branch="false"/>
            <line number="803" hits="40" branch="false"/>
            <line number="805" hits="40" branch="true" condition-coverage="50% (1/2)"/>
            <line number="807" hits="40" branch="false"/>
            <line number="809" hits="40" branch="true" condition-coverage="100% (2/2)"/>
            <line number="811" hits="31" branch="false"/>
            <line number="814" hits="40" branch="false"/>
            <line number="816" hits="40" branch="false"/>
            <line number="821" hits="0" branch="false"/>
            <line number="823" hits="0" branch="false"/>
            <line number="826" hits="40" branch="false"/>
            <line number="828" hits="40" branch="false"/>
            <line number="835" hits="12" branch="false"/>
            <line number="837" hits="12" branch="false"/>
            <line number="839" hits="12" branch="true" condition-coverage="50% (1/2)"/>
            <line number="841" hits="0" branch="false"/>
            <line number="843" hits="0" branch="false"/>
            <line number="846" hits="12" branch="false"/>
            <line number="848" hits="12" branch="false"/>
            <line number="850" hits="12" branch="true" condition-coverage="50% (1/2)"/>
            <line number="852" hits="12" branch="false"/>
            <line number="854" hits="12" branch="false"/>
            <line number="856" hits="12" branch="false"/>
            <line number="858" hits="12" branch="true" condition-coverage="50% (1/2)"/>
            <line number="860" hits="0" branch="false"/>
            <line number="862" hits="0" branch="false"/>
            <line number="867" hits="12" branch="false"/>
            <line number="869" hits="12" branch="true" condition-coverage="50% (1/2)"/>
            <line number="870" hits="12" branch="false"/>
            <line number="874" hits="12" branch="true" condition-coverage="50% (1/2)"/>
            <line number="876" hits="12" branch="true" condition-coverage="100% (2/2)"/>
            <line number="878" hits="1" branch="false"/>
            <line number="880" hits="1" branch="false"/>
            <line number="885" hits="11" branch="false"/>
            <line number="887" hits="11" branch="true" condition-coverage="50% (1/2)"/>
            <line number="888" hits="11" branch="false"/>
            <line number="892" hits="12" branch="true" condition-coverage="100% (2/2)"/>
            <line number="894" hits="11" branch="true" condition-coverage="50% (1/2)"/>
            <line number="896" hits="0" branch="false"/>
            <line number="898" hits="0" branch="false"/>
            <line number="903" hits="11" branch="false"/>
            <line number="905" hits="11" branch="true" condition-coverage="50% (1/2)"/>
            <line number="906" hits="11" branch="false"/>
            <line number="910" hits="11" branch="true" condition-coverage="50% (1/2)"/>
            <line number="912" hits="11" branch="true" condition-coverage="50% (1/2)"/>
            <line number="914" hits="0" branch="false"/>
            <line number="916" hits="0" branch="false"/>
            <line number="921" hits="11" branch="false"/>
            <line number="923" hits="11" branch="true" condition-coverage="50% (1/2)"/>
            <line number="924" hits="11" branch="false"/>
            <line number="928" hits="11" branch="true" condition-coverage="50% (1/2)"/>
            <line number="930" hits="11" branch="true" condition-coverage="50% (1/2)"/>
            <line number="932" hits="0" branch="false"/>
            <line number="934" hits="0" branch="false"/>
            <line number="939" hits="11" branch="false"/>
            <line number="941" hits="11" branch="true" condition-coverage="50% (1/2)"/>
            <line number="942" hits="11" branch="false"/>
            <line number="946" hits="11" branch="true" condition-coverage="50% (1/2)"/>
            <line number="948" hits="11" branch="true" condition-coverage="50% (1/2)"/>
            <line number="950" hits="0" branch="false"/>
            <line number="952" hits="0" branch="false"/>
            <line number="957" hits="11" branch="false"/>
            <line number="959" hits="11" branch="true" condition-coverage="50% (1/2)"/>
            <line number="960" hits="11" branch="false"/>
            <line number="964" hits="11" branch="true" condition-coverage="50% (1/2)"/>
            <line number="966" hits="11" branch="true" condition-coverage="100% (2/2)"/>
            <line number="968" hits="3" branch="false"/>
            <line number="970" hits="3" branch="false"/>
            <line number="975" hits="8" branch="false"/>
            <line number="977" hits="8" branch="true" condition-coverage="50% (1/2)"/>
            <line number="978" hits="8" branch="false"/>
            <line number="982" hits="11" branch="true" condition-coverage="100% (2/2)"/>
            <line number="984" hits="8" branch="true" condition-coverage="50% (1/2)"/>
            <line number="986" hits="0" branch="false"/>
            <line number="988" hits="0" branch="false"/>
            <line number="993" hits="8" branch="false"/>
            <line number="995" hits="8" branch="true" condition-coverage="50% (1/2)"/>
            <line number="996" hits="8" branch="false"/>
            <line number="1007" hits="12" branch="true" condition-coverage="100% (2/2)"/>
            <line number="1009" hits="4" branch="false"/>
            <line number="1011" hits="4" branch="false"/>
            <line number="1013" hits="4" branch="true" condition-coverage="50% (1/2)"/>
            <line number="1015" hits="4" branch="false"/>
            <line number="1017" hits="4" branch="false"/>
            <line number="1022" hits="0" branch="false"/>
            <line number="1024" hits="0" branch="false"/>
            <line number="1030" hits="8" branch="false"/>
            <line number="1032" hits="8" branch="false"/>
            <line number="1035" hits="12" branch="false"/>
            <line number="1037" hits="9" branch="false"/>
            <line number="1039" hits="9" branch="false"/>
            <line number="1041" hits="9" branch="true" condition-coverage="50% (1/2)"/>
            <line number="1043" hits="0" branch="false"/>
            <line number="1045" hits="0" branch="false"/>
            <line number="1050" hits="9" branch="false"/>
            <line number="1052" hits="9" branch="true" condition-coverage="50% (1/2)"/>
            <line number="1053" hits="9" branch="false"/>
            <line number="1057" hits="9" branch="true" condition-coverage="50% (1/2)"/>
            <line number="1059" hits="9" branch="true" condition-coverage="50% (1/2)"/>
            <line number="1061" hits="0" branch="false"/>
            <line number="1063" hits="0" branch="false"/>
            <line number="1068" hits="9" branch="false"/>
            <line number="1070" hits="9" branch="true" condition-coverage="50% (1/2)"/>
            <line number="1071" hits="9" branch="false"/>
            <line number="1075" hits="9" branch="true" condition-coverage="50% (1/2)"/>
            <line number="1077" hits="9" branch="true" condition-coverage="50% (1/2)"/>
            <line number="1079" hits="0" branch="false"/>
            <line number="1081" hits="0" branch="false"/>
            <line number="1086" hits="9" branch="false"/>
            <line number="1088" hits="9" branch="true" condition-coverage="50% (1/2)"/>
            <line number="1089" hits="9" branch="false"/>
            <line number="1093" hits="9" branch="true" condition-coverage="50% (1/2)"/>
            <line number="1095" hits="9" branch="true" condition-coverage="50% (1/2)"/>
            <line number="1097" hits="0" branch="false"/>
            <line number="1099" hits="0" branch="false"/>
            <line number="1104" hits="9" branch="false"/>
            <line number="1106" hits="9" branch="true" condition-coverage="50% (1/2)"/>
            <line number="1107" hits="9" branch="false"/>
            <line number="1111" hits="9" branch="true" condition-coverage="50% (1/2)"/>
            <line number="1113" hits="9" branch="true" condition-coverage="100% (2/2)"/>
            <line number="1115" hits="3" branch="false"/>
            <line number="1117" hits="3" branch="false"/>
            <line number="1122" hits="6" branch="false"/>
            <line number="1124" hits="6" branch="true" condition-coverage="50% (1/2)"/>
            <line number="1125" hits="6" branch="false"/>
            <line number="1129" hits="9" branch="true" condition-coverage="100% (2/2)"/>
            <line number="1131" hits="6" branch="true" condition-coverage="50% (1/2)"/>
            <line number="1133" hits="0" branch="false"/>
            <line number="1135" hits="0" branch="false"/>
            <line number="1140" hits="6" branch="false"/>
            <line number="1142" hits="6" branch="true" condition-coverage="50% (1/2)"/>
            <line number="1143" hits="6" branch="false"/>
            <line number="1147" hits="6" branch="true" condition-coverage="50% (1/2)"/>
            <line number="1149" hits="6" branch="true" condition-coverage="100% (2/2)"/>
            <line number="1151" hits="2" branch="false"/>
            <line number="1153" hits="2" branch="false"/>
            <line number="1158" hits="4" branch="false"/>
            <line number="1160" hits="4" branch="true" condition-coverage="50% (1/2)"/>
            <line number="1161" hits="4" branch="false"/>
            <line number="1165" hits="6" branch="true" condition-coverage="100% (2/2)"/>
            <line number="1167" hits="4" branch="true" condition-coverage="50% (1/2)"/>
            <line number="1169" hits="0" branch="false"/>
            <line number="1171" hits="0" branch="false"/>
            <line number="1176" hits="4" branch="false"/>
            <line number="1178" hits="4" branch="true" condition-coverage="50% (1/2)"/>
            <line number="1179" hits="4" branch="false"/>
            <line number="1190" hits="9" branch="true" condition-coverage="100% (2/2)"/>
            <line number="1192" hits="5" branch="false"/>
            <line number="1194" hits="5" branch="false"/>
            <line number="1196" hits="5" branch="true" condition-coverage="50% (1/2)"/>
            <line number="1198" hits="5" branch="false"/>
            <line number="1200" hits="5" branch="false"/>
            <line number="1205" hits="0" branch="false"/>
            <line number="1207" hits="0" branch="false"/>
            <line number="1213" hits="4" branch="false"/>
            <line number="1215" hits="4" branch="false"/>
            <line number="1219" hits="12" branch="false"/>
            <line number="1221" hits="12" branch="false"/>
            <line number="1226" hits="0" branch="false"/>
            <line number="1228" hits="0" branch="false"/>
            <line number="1231" hits="12" branch="false"/>
            <line number="1233" hits="12" branch="false"/>
            <line number="1240" hits="21" branch="false"/>
            <line number="1242" hits="21" branch="false"/>
            <line number="1244" hits="21" branch="true" condition-coverage="50% (1/2)"/>
            <line number="1246" hits="0" branch="false"/>
            <line number="1248" hits="0" branch="false"/>
            <line number="1251" hits="21" branch="false"/>
            <line number="1253" hits="21" branch="false"/>
            <line number="1255" hits="21" branch="true" condition-coverage="50% (1/2)"/>
            <line number="1257" hits="21" branch="false"/>
            <line number="1259" hits="21" branch="false"/>
            <line number="1261" hits="21" branch="false"/>
            <line number="1263" hits="21" branch="true" condition-coverage="100% (2/2)"/>
            <line number="1265" hits="4" branch="false"/>
            <line number="1267" hits="4" branch="false"/>
            <line number="1272" hits="17" branch="false"/>
            <line number="1274" hits="17" branch="true" condition-coverage="50% (1/2)"/>
            <line number="1275" hits="17" branch="false"/>
            <line number="1279" hits="21" branch="true" condition-coverage="100% (2/2)"/>
            <line number="1281" hits="17" branch="true" condition-coverage="100% (2/2)"/>
            <line number="1283" hits="1" branch="false"/>
            <line number="1285" hits="1" branch="false"/>
            <line number="1290" hits="16" branch="false"/>
            <line number="1292" hits="16" branch="true" condition-coverage="50% (1/2)"/>
            <line number="1293" hits="16" branch="false"/>
            <line number="1297" hits="17" branch="true" condition-coverage="100% (2/2)"/>
            <line number="1299" hits="16" branch="true" condition-coverage="50% (1/2)"/>
            <line number="1301" hits="0" branch="false"/>
            <line number="1303" hits="0" branch="false"/>
            <line number="1308" hits="16" branch="false"/>
            <line number="1310" hits="16" branch="true" condition-coverage="50% (1/2)"/>
            <line number="1311" hits="16" branch="false"/>
            <line number="1317" hits="21" branch="true" condition-coverage="100% (2/2)"/>
            <line number="1319" hits="5" branch="false"/>
            <line number="1321" hits="5" branch="false"/>
            <line number="1323" hits="5" branch="true" condition-coverage="50% (1/2)"/>
            <line number="1325" hits="5" branch="false"/>
            <line number="1327" hits="5" branch="false"/>
            <line number="1332" hits="0" branch="false"/>
            <line number="1334" hits="0" branch="false"/>
            <line number="1340" hits="16" branch="false"/>
            <line number="1342" hits="16" branch="false"/>
            <line number="1345" hits="21" branch="false"/>
            <line number="1347" hits="7" branch="false"/>
            <line number="1349" hits="7" branch="false"/>
            <line number="1351" hits="7" branch="true" condition-coverage="100% (2/2)"/>
            <line number="1353" hits="1" branch="false"/>
            <line number="1355" hits="1" branch="false"/>
            <line number="1360" hits="6" branch="false"/>
            <line number="1362" hits="6" branch="true" condition-coverage="50% (1/2)"/>
            <line number="1363" hits="6" branch="false"/>
            <line number="1367" hits="7" branch="true" condition-coverage="100% (2/2)"/>
            <line number="1369" hits="6" branch="true" condition-coverage="100% (2/2)"/>
            <line number="1371" hits="1" branch="false"/>
            <line number="1373" hits="1" branch="false"/>
            <line number="1378" hits="5" branch="false"/>
            <line number="1380" hits="5" branch="true" condition-coverage="50% (1/2)"/>
            <line number="1381" hits="5" branch="false"/>
            <line number="1385" hits="6" branch="true" condition-coverage="100% (2/2)"/>
            <line number="1387" hits="5" branch="true" condition-coverage="50% (1/2)"/>
            <line number="1389" hits="0" branch="false"/>
            <line number="1391" hits="0" branch="false"/>
            <line number="1396" hits="5" branch="false"/>
            <line number="1398" hits="5" branch="true" condition-coverage="50% (1/2)"/>
            <line number="1399" hits="5" branch="false"/>
            <line number="1405" hits="7" branch="true" condition-coverage="100% (2/2)"/>
            <line number="1407" hits="2" branch="false"/>
            <line number="1409" hits="2" branch="false"/>
            <line number="1411" hits="2" branch="true" condition-coverage="50% (1/2)"/>
            <line number="1413" hits="2" branch="false"/>
            <line number="1415" hits="2" branch="false"/>
            <line number="1420" hits="0" branch="false"/>
            <line number="1422" hits="0" branch="false"/>
            <line number="1428" hits="5" branch="false"/>
            <line number="1430" hits="5" branch="false"/>
            <line number="1434" hits="21" branch="false"/>
            <line number="1436" hits="21" branch="false"/>
            <line number="1441" hits="0" branch="false"/>
            <line number="1443" hits="0" branch="false"/>
            <line number="1446" hits="21" branch="false"/>
            <line number="1448" hits="21" branch="false"/>
            <line number="1455" hits="28" branch="false"/>
            <line number="1457" hits="28" branch="false"/>
            <line number="1459" hits="28" branch="true" condition-coverage="50% (1/2)"/>
            <line number="1461" hits="0" branch="false"/>
            <line number="1463" hits="0" branch="false"/>
            <line number="1466" hits="28" branch="false"/>
            <line number="1468" hits="28" branch="false"/>
            <line number="1470" hits="28" branch="true" condition-coverage="50% (1/2)"/>
            <line number="1472" hits="28" branch="false"/>
            <line number="1474" hits="28" branch="false"/>
            <line number="1476" hits="28" branch="false"/>
            <line number="1478" hits="28" branch="true" condition-coverage="100% (2/2)"/>
            <line number="1480" hits="2" branch="false"/>
            <line number="1482" hits="2" branch="false"/>
            <line number="1487" hits="26" branch="false"/>
            <line number="1489" hits="26" branch="true" condition-coverage="50% (1/2)"/>
            <line number="1490" hits="26" branch="false"/>
            <line number="1494" hits="28" branch="true" condition-coverage="100% (2/2)"/>
            <line number="1496" hits="26" branch="true" condition-coverage="100% (2/2)"/>
            <line number="1498" hits="1" branch="false"/>
            <line number="1500" hits="1" branch="false"/>
            <line number="1505" hits="25" branch="false"/>
            <line number="1507" hits="25" branch="true" condition-coverage="50% (1/2)"/>
            <line number="1508" hits="25" branch="false"/>
            <line number="1512" hits="26" branch="true" condition-coverage="100% (2/2)"/>
            <line number="1514" hits="25" branch="true" condition-coverage="50% (1/2)"/>
            <line number="1516" hits="0" branch="false"/>
            <line number="1518" hits="0" branch="false"/>
            <line number="1523" hits="25" branch="false"/>
            <line number="1525" hits="25" branch="true" condition-coverage="50% (1/2)"/>
            <line number="1526" hits="25" branch="false"/>
            <line number="1530" hits="25" branch="true" condition-coverage="50% (1/2)"/>
            <line number="1532" hits="25" branch="true" condition-coverage="50% (1/2)"/>
            <line number="1534" hits="0" branch="false"/>
            <line number="1536" hits="0" branch="false"/>
            <line number="1541" hits="25" branch="false"/>
            <line number="1543" hits="25" branch="true" condition-coverage="50% (1/2)"/>
            <line number="1544" hits="25" branch="false"/>
            <line number="1551" hits="28" branch="true" condition-coverage="100% (2/2)"/>
            <line number="1553" hits="3" branch="false"/>
            <line number="1555" hits="3" branch="false"/>
            <line number="1557" hits="3" branch="true" condition-coverage="50% (1/2)"/>
            <line number="1559" hits="3" branch="false"/>
            <line number="1561" hits="3" branch="false"/>
            <line number="1566" hits="0" branch="false"/>
            <line number="1568" hits="0" branch="false"/>
            <line number="1574" hits="25" branch="false"/>
            <line number="1576" hits="25" branch="false"/>
            <line number="1579" hits="28" branch="false"/>
            <line number="1581" hits="4" branch="false"/>
            <line number="1583" hits="4" branch="false"/>
            <line number="1585" hits="4" branch="true" condition-coverage="50% (1/2)"/>
            <line number="1587" hits="0" branch="false"/>
            <line number="1589" hits="0" branch="false"/>
            <line number="1594" hits="4" branch="false"/>
            <line number="1596" hits="4" branch="true" condition-coverage="50% (1/2)"/>
            <line number="1597" hits="4" branch="false"/>
            <line number="1601" hits="4" branch="true" condition-coverage="50% (1/2)"/>
            <line number="1603" hits="4" branch="true" condition-coverage="100% (2/2)"/>
            <line number="1605" hits="1" branch="false"/>
            <line number="1607" hits="1" branch="false"/>
            <line number="1612" hits="3" branch="false"/>
            <line number="1614" hits="3" branch="true" condition-coverage="50% (1/2)"/>
            <line number="1615" hits="3" branch="false"/>
            <line number="1619" hits="4" branch="true" condition-coverage="100% (2/2)"/>
            <line number="1621" hits="3" branch="true" condition-coverage="50% (1/2)"/>
            <line number="1623" hits="0" branch="false"/>
            <line number="1625" hits="0" branch="false"/>
            <line number="1630" hits="3" branch="false"/>
            <line number="1632" hits="3" branch="true" condition-coverage="50% (1/2)"/>
            <line number="1633" hits="3" branch="false"/>
            <line number="1637" hits="3" branch="true" condition-coverage="50% (1/2)"/>
            <line number="1639" hits="3" branch="true" condition-coverage="50% (1/2)"/>
            <line number="1641" hits="0" branch="false"/>
            <line number="1643" hits="0" branch="false"/>
            <line number="1648" hits="3" branch="false"/>
            <line number="1650" hits="3" branch="true" condition-coverage="50% (1/2)"/>
            <line number="1651" hits="3" branch="false"/>
            <line number="1658" hits="4" branch="true" condition-coverage="100% (2/2)"/>
            <line number="1660" hits="1" branch="false"/>
            <line number="1662" hits="1" branch="false"/>
            <line number="1664" hits="1" branch="true" condition-coverage="50% (1/2)"/>
            <line number="1666" hits="1" branch="false"/>
            <line number="1668" hits="1" branch="false"/>
            <line number="1673" hits="0" branch="false"/>
            <line number="1675" hits="0" branch="false"/>
            <line number="1681" hits="3" branch="false"/>
            <line number="1683" hits="3" branch="false"/>
            <line number="1687" hits="28" branch="false"/>
            <line number="1689" hits="28" branch="false"/>
            <line number="1694" hits="0" branch="false"/>
            <line number="1696" hits="0" branch="false"/>
            <line number="1699" hits="28" branch="false"/>
            <line number="1701" hits="28" branch="false"/>
            <line number="1708" hits="32" branch="false"/>
            <line number="1710" hits="32" branch="false"/>
            <line number="1712" hits="32" branch="true" condition-coverage="50% (1/2)"/>
            <line number="1714" hits="0" branch="false"/>
            <line number="1716" hits="0" branch="false"/>
            <line number="1719" hits="32" branch="false"/>
            <line number="1721" hits="32" branch="false"/>
            <line number="1723" hits="32" branch="true" condition-coverage="50% (1/2)"/>
            <line number="1725" hits="32" branch="false"/>
            <line number="1727" hits="32" branch="false"/>
            <line number="1729" hits="32" branch="false"/>
            <line number="1731" hits="32" branch="true" condition-coverage="100% (2/2)"/>
            <line number="1733" hits="1" branch="false"/>
            <line number="1735" hits="1" branch="false"/>
            <line number="1740" hits="31" branch="false"/>
            <line number="1742" hits="31" branch="true" condition-coverage="50% (1/2)"/>
            <line number="1743" hits="31" branch="false"/>
            <line number="1747" hits="32" branch="true" condition-coverage="100% (2/2)"/>
            <line number="1749" hits="1" branch="false"/>
            <line number="1751" hits="1" branch="false"/>
            <line number="1753" hits="1" branch="true" condition-coverage="50% (1/2)"/>
            <line number="1755" hits="1" branch="false"/>
            <line number="1757" hits="1" branch="false"/>
            <line number="1762" hits="0" branch="false"/>
            <line number="1764" hits="0" branch="false"/>
            <line number="1770" hits="31" branch="false"/>
            <line number="1772" hits="31" branch="false"/>
            <line number="1775" hits="32" branch="false"/>
            <line number="1777" hits="1" branch="false"/>
            <line number="1779" hits="1" branch="false"/>
            <line number="1781" hits="1" branch="true" condition-coverage="50% (1/2)"/>
            <line number="1783" hits="0" branch="false"/>
            <line number="1785" hits="0" branch="false"/>
            <line number="1790" hits="1" branch="false"/>
            <line number="1792" hits="1" branch="true" condition-coverage="50% (1/2)"/>
            <line number="1793" hits="1" branch="false"/>
            <line number="1797" hits="1" branch="true" condition-coverage="50% (1/2)"/>
            <line number="1799" hits="0" branch="false"/>
            <line number="1801" hits="0" branch="false"/>
            <line number="1803" hits="0" branch="true" condition-coverage="0% (0/2)"/>
            <line number="1805" hits="0" branch="false"/>
            <line number="1807" hits="0" branch="false"/>
            <line number="1812" hits="0" branch="false"/>
            <line number="1814" hits="0" branch="false"/>
            <line number="1820" hits="1" branch="false"/>
            <line number="1822" hits="1" branch="false"/>
            <line number="1826" hits="32" branch="false"/>
            <line number="1828" hits="32" branch="false"/>
            <line number="1833" hits="0" branch="false"/>
            <line number="1835" hits="0" branch="false"/>
            <line number="1838" hits="32" branch="false"/>
            <line number="1840" hits="32" branch="false"/>
            <line number="1847" hits="33" branch="false"/>
            <line number="1849" hits="33" branch="false"/>
            <line number="1851" hits="33" branch="true" condition-coverage="50% (1/2)"/>
            <line number="1853" hits="0" branch="false"/>
            <line number="1855" hits="0" branch="false"/>
            <line number="1858" hits="33" branch="false"/>
            <line number="1860" hits="33" branch="false"/>
            <line number="1862" hits="33" branch="true" condition-coverage="50% (1/2)"/>
            <line number="1864" hits="33" branch="false"/>
            <line number="1866" hits="33" branch="false"/>
            <line number="1868" hits="33" branch="false"/>
            <line number="1870" hits="33" branch="true" condition-coverage="100% (2/2)"/>
            <line number="1872" hits="1" branch="false"/>
            <line number="1874" hits="1" branch="false"/>
            <line number="1879" hits="32" branch="false"/>
            <line number="1881" hits="32" branch="true" condition-coverage="50% (1/2)"/>
            <line number="1882" hits="32" branch="false"/>
            <line number="1886" hits="33" branch="true" condition-coverage="100% (2/2)"/>
            <line number="1888" hits="32" branch="true" condition-coverage="50% (1/2)"/>
            <line number="1890" hits="0" branch="false"/>
            <line number="1892" hits="0" branch="false"/>
            <line number="1897" hits="32" branch="false"/>
            <line number="1899" hits="32" branch="true" condition-coverage="50% (1/2)"/>
            <line number="1900" hits="32" branch="false"/>
            <line number="1905" hits="33" branch="true" condition-coverage="100% (2/2)"/>
            <line number="1907" hits="1" branch="false"/>
            <line number="1909" hits="1" branch="false"/>
            <line number="1911" hits="1" branch="true" condition-coverage="50% (1/2)"/>
            <line number="1913" hits="1" branch="false"/>
            <line number="1915" hits="1" branch="false"/>
            <line number="1920" hits="0" branch="false"/>
            <line number="1922" hits="0" branch="false"/>
            <line number="1928" hits="32" branch="false"/>
            <line number="1930" hits="32" branch="false"/>
            <line number="1933" hits="33" branch="false"/>
            <line number="1935" hits="1" branch="false"/>
            <line number="1937" hits="1" branch="false"/>
            <line number="1939" hits="1" branch="true" condition-coverage="50% (1/2)"/>
            <line number="1941" hits="0" branch="false"/>
            <line number="1943" hits="0" branch="false"/>
            <line number="1948" hits="1" branch="false"/>
            <line number="1950" hits="1" branch="true" condition-coverage="50% (1/2)"/>
            <line number="1951" hits="1" branch="false"/>
            <line number="1955" hits="1" branch="true" condition-coverage="50% (1/2)"/>
            <line number="1957" hits="1" branch="true" condition-coverage="50% (1/2)"/>
            <line number="1959" hits="0" branch="false"/>
            <line number="1961" hits="0" branch="false"/>
            <line number="1966" hits="1" branch="false"/>
            <line number="1968" hits="1" branch="true" condition-coverage="50% (1/2)"/>
            <line number="1969" hits="1" branch="false"/>
            <line number="1974" hits="1" branch="true" condition-coverage="50% (1/2)"/>
            <line number="1976" hits="0" branch="false"/>
            <line number="1978" hits="0" branch="false"/>
            <line number="1980" hits="0" branch="true" condition-coverage="0% (0/2)"/>
            <line number="1982" hits="0" branch="false"/>
            <line number="1984" hits="0" branch="false"/>
            <line number="1989" hits="0" branch="false"/>
            <line number="1991" hits="0" branch="false"/>
            <line number="1997" hits="1" branch="false"/>
            <line number="1999" hits="1" branch="false"/>
            <line number="2003" hits="33" branch="false"/>
            <line number="2005" hits="33" branch="false"/>
            <line number="2010" hits="0" branch="false"/>
            <line number="2012" hits="0" branch="false"/>
            <line number="2015" hits="33" branch="false"/>
            <line number="2017" hits="33" branch="false"/>
            <line number="2024" hits="34" branch="false"/>
            <line number="2026" hits="34" branch="false"/>
            <line number="2028" hits="34" branch="true" condition-coverage="50% (1/2)"/>
            <line number="2030" hits="0" branch="false"/>
            <line number="2032" hits="0" branch="false"/>
            <line number="2035" hits="34" branch="false"/>
            <line number="2037" hits="34" branch="false"/>
            <line number="2039" hits="34" branch="true" condition-coverage="50% (1/2)"/>
            <line number="2041" hits="34" branch="false"/>
            <line number="2043" hits="34" branch="false"/>
            <line number="2045" hits="34" branch="false"/>
            <line number="2047" hits="34" branch="true" condition-coverage="100% (2/2)"/>
            <line number="2049" hits="5" branch="false"/>
            <line number="2051" hits="5" branch="false"/>
            <line number="2056" hits="29" branch="false"/>
            <line number="2058" hits="29" branch="true" condition-coverage="50% (1/2)"/>
            <line number="2059" hits="29" branch="false"/>
            <line number="2063" hits="34" branch="true" condition-coverage="100% (2/2)"/>
            <line number="2065" hits="5" branch="false"/>
            <line number="2067" hits="5" branch="false"/>
            <line number="2069" hits="5" branch="true" condition-coverage="50% (1/2)"/>
            <line number="2071" hits="5" branch="false"/>
            <line number="2073" hits="5" branch="false"/>
            <line number="2078" hits="0" branch="false"/>
            <line number="2080" hits="0" branch="false"/>
            <line number="2086" hits="29" branch="false"/>
            <line number="2088" hits="29" branch="false"/>
            <line number="2091" hits="34" branch="false"/>
            <line number="2093" hits="5" branch="false"/>
            <line number="2095" hits="5" branch="false"/>
            <line number="2097" hits="5" branch="true" condition-coverage="50% (1/2)"/>
            <line number="2099" hits="0" branch="false"/>
            <line number="2101" hits="0" branch="false"/>
            <line number="2106" hits="5" branch="false"/>
            <line number="2108" hits="5" branch="true" condition-coverage="50% (1/2)"/>
            <line number="2109" hits="5" branch="false"/>
            <line number="2113" hits="5" branch="true" condition-coverage="50% (1/2)"/>
            <line number="2115" hits="0" branch="false"/>
            <line number="2117" hits="0" branch="false"/>
            <line number="2119" hits="0" branch="true" condition-coverage="0% (0/2)"/>
            <line number="2121" hits="0" branch="false"/>
            <line number="2123" hits="0" branch="false"/>
            <line number="2128" hits="0" branch="false"/>
            <line number="2130" hits="0" branch="false"/>
            <line number="2136" hits="5" branch="false"/>
            <line number="2138" hits="5" branch="false"/>
            <line number="2142" hits="34" branch="false"/>
            <line number="2144" hits="34" branch="false"/>
            <line number="2149" hits="0" branch="false"/>
            <line number="2151" hits="0" branch="false"/>
            <line number="2154" hits="34" branch="false"/>
            <line number="2156" hits="34" branch="false"/>
            <line number="2163" hits="39" branch="false"/>
            <line number="2165" hits="39" branch="false"/>
            <line number="2167" hits="39" branch="true" condition-coverage="50% (1/2)"/>
            <line number="2169" hits="0" branch="false"/>
            <line number="2171" hits="0" branch="false"/>
            <line number="2174" hits="39" branch="false"/>
            <line number="2176" hits="39" branch="false"/>
            <line number="2178" hits="39" branch="true" condition-coverage="50% (1/2)"/>
            <line number="2180" hits="39" branch="false"/>
            <line number="2182" hits="39" branch="false"/>
            <line number="2184" hits="39" branch="false"/>
            <line number="2186" hits="39" branch="true" condition-coverage="50% (1/2)"/>
            <line number="2188" hits="0" branch="false"/>
            <line number="2190" hits="0" branch="false"/>
            <line number="2195" hits="39" branch="false"/>
            <line number="2197" hits="39" branch="true" condition-coverage="50% (1/2)"/>
            <line number="2198" hits="39" branch="false"/>
            <line number="2202" hits="39" branch="true" condition-coverage="50% (1/2)"/>
            <line number="2204" hits="39" branch="true" condition-coverage="50% (1/2)"/>
            <line number="2206" hits="0" branch="false"/>
            <line number="2208" hits="0" branch="false"/>
            <line number="2213" hits="39" branch="false"/>
            <line number="2215" hits="39" branch="true" condition-coverage="50% (1/2)"/>
            <line number="2216" hits="39" branch="false"/>
            <line number="2221" hits="39" branch="true" condition-coverage="50% (1/2)"/>
            <line number="2223" hits="0" branch="false"/>
            <line number="2225" hits="0" branch="false"/>
            <line number="2227" hits="0" branch="true" condition-coverage="0% (0/2)"/>
            <line number="2229" hits="0" branch="false"/>
            <line number="2231" hits="0" branch="false"/>
            <line number="2236" hits="0" branch="false"/>
            <line number="2238" hits="0" branch="false"/>
            <line number="2244" hits="39" branch="false"/>
            <line number="2246" hits="39" branch="false"/>
            <line number="2249" hits="39" branch="false"/>
            <line number="2251" hits="0" branch="false"/>
            <line number="2253" hits="0" branch="false"/>
            <line number="2255" hits="0" branch="true" condition-coverage="0% (0/2)"/>
            <line number="2257" hits="0" branch="false"/>
            <line number="2259" hits="0" branch="false"/>
            <line number="2264" hits="0" branch="false"/>
            <line number="2266" hits="0" branch="true" condition-coverage="0% (0/2)"/>
            <line number="2267" hits="0" branch="false"/>
            <line number="2271" hits="0" branch="true" condition-coverage="0% (0/2)"/>
            <line number="2273" hits="0" branch="true" condition-coverage="0% (0/2)"/>
            <line number="2275" hits="0" branch="false"/>
            <line number="2277" hits="0" branch="false"/>
            <line number="2282" hits="0" branch="false"/>
            <line number="2284" hits="0" branch="true" condition-coverage="0% (0/2)"/>
            <line number="2285" hits="0" branch="false"/>
            <line number="2290" hits="0" branch="true" condition-coverage="0% (0/2)"/>
            <line number="2292" hits="0" branch="false"/>
            <line number="2294" hits="0" branch="false"/>
            <line number="2296" hits="0" branch="true" condition-coverage="0% (0/2)"/>
            <line number="2298" hits="0" branch="false"/>
            <line number="2300" hits="0" branch="false"/>
            <line number="2305" hits="0" branch="false"/>
            <line number="2307" hits="0" branch="false"/>
            <line number="2313" hits="0" branch="false"/>
            <line number="2315" hits="0" branch="false"/>
            <line number="2319" hits="39" branch="false"/>
            <line number="2321" hits="39" branch="false"/>
            <line number="2326" hits="0" branch="false"/>
            <line number="2328" hits="0" branch="false"/>
            <line number="2331" hits="39" branch="false"/>
            <line number="2333" hits="39" branch="false"/>
            <line number="2340" hits="39" branch="false"/>
            <line number="2342" hits="39" branch="false"/>
            <line number="2344" hits="39" branch="true" condition-coverage="50% (1/2)"/>
[...]
            <line number="5112" hits="1" branch="false"/>
            <line number="5117" hits="0" branch="false"/>
            <line number="5119" hits="0" branch="true" condition-coverage="0% (0/2)"/>
            <line number="5120" hits="0" branch="false"/>
            <line number="5125" hits="1" branch="true" condition-coverage="50% (1/2)"/>
            <line number="5127" hits="1" branch="true" condition-coverage="50% (1/2)"/>
            <line number="5129" hits="1" branch="false"/>
            <line number="5131" hits="1" branch="false"/>
            <line number="5136" hits="0" branch="false"/>
            <line number="5138" hits="0" branch="true" condition-coverage="0% (0/2)"/>
            <line number="5139" hits="0" branch="false"/>
            <line number="5143" hits="1" branch="true" condition-coverage="50% (1/2)"/>
            <line number="5145" hits="1" branch="true" condition-coverage="50% (1/2)"/>
            <line number="5147" hits="1" branch="false"/>
            <line number="5149" hits="1" branch="false"/>
            <line number="5154" hits="0" branch="false"/>
            <line number="5156" hits="0" branch="true" condition-coverage="0% (0/2)"/>
            <line number="5157" hits="0" branch="false"/>
            <line number="5161" hits="1" branch="true" condition-coverage="50% (1/2)"/>
            <line number="5163" hits="1" branch="true" condition-coverage="50% (1/2)"/>
            <line number="5165" hits="1" branch="false"/>
            <line number="5167" hits="1" branch="false"/>
            <line number="5172" hits="0" branch="false"/>
            <line number="5174" hits="0" branch="true" condition-coverage="0% (0/2)"/>
            <line number="5175" hits="0" branch="false"/>
            <line number="5179" hits="1" branch="true" condition-coverage="50% (1/2)"/>
            <line number="5181" hits="1" branch="true" condition-coverage="50% (1/2)"/>
            <line number="5183" hits="1" branch="false"/>
            <line number="5185" hits="1" branch="false"/>
            <line number="5190" hits="0" branch="false"/>
            <line number="5192" hits="0" branch="true" condition-coverage="0% (0/2)"/>
            <line number="5193" hits="0" branch="false"/>
            <line number="5197" hits="1" branch="true" condition-coverage="50% (1/2)"/>
            <line number="5199" hits="1" branch="true" condition-coverage="50% (1/2)"/>
            <line number="5201" hits="1" branch="false"/>
            <line number="5203" hits="1" branch="false"/>
            <line number="5208" hits="0" branch="false"/>
            <line number="5210" hits="0" branch="true" condition-coverage="0% (0/2)"/>
            <line number="5211" hits="0" branch="false"/>
            <line number="5215" hits="1" branch="true" condition-coverage="50% (1/2)"/>
            <line number="5217" hits="1" branch="false"/>
            <line number="5219" hits="1" branch="false"/>
            <line number="5224" hits="0" branch="false"/>
            <line number="5226" hits="0" branch="false"/>
            <line number="5232" hits="0" branch="false"/>
            <line number="5234" hits="0" branch="false"/>
            <line number="5240" hits="0" branch="false"/>
            <line number="5242" hits="0" branch="false"/>
            <line number="5248" hits="0" branch="false"/>
            <line number="5250" hits="0" branch="false"/>
            <line number="5256" hits="0" branch="false"/>
            <line number="5258" hits="0" branch="false"/>
            <line number="5264" hits="0" branch="false"/>
            <line number="5266" hits="0" branch="false"/>
            <line number="5270" hits="2" branch="true" condition-coverage="50% (1/2)"/>
            <line number="5272" hits="2" branch="false"/>
            <line number="5277" hits="0" branch="false"/>
            <line number="5280" hits="2" branch="false"/>
            <line number="5282" hits="2" branch="false"/>
            <line number="5289" hits="54" branch="false"/>
            <line number="5291" hits="54" branch="false"/>
            <line number="5293" hits="54" branch="true" condition-coverage="50% (1/2)"/>
            <line number="5295" hits="0" branch="false"/>
            <line number="5297" hits="0" branch="false"/>
            <line number="5300" hits="54" branch="false"/>
            <line number="5302" hits="54" branch="false"/>
            <line number="5304" hits="54" branch="true" condition-coverage="100% (2/2)"/>
            <line number="5306" hits="19" branch="false"/>
            <line number="5308" hits="19" branch="false"/>
            <line number="5313" hits="35" branch="false"/>
            <line number="5315" hits="35" branch="true" condition-coverage="50% (1/2)"/>
            <line number="5316" hits="35" branch="false"/>
            <line number="5320" hits="54" branch="true" condition-coverage="100% (2/2)"/>
            <line number="5322" hits="35" branch="true" condition-coverage="50% (1/2)"/>
            <line number="5324" hits="0" branch="false"/>
            <line number="5326" hits="0" branch="false"/>
            <line number="5331" hits="35" branch="false"/>
            <line number="5333" hits="35" branch="true" condition-coverage="50% (1/2)"/>
            <line number="5334" hits="35" branch="false"/>
            <line number="5339" hits="54" branch="true" condition-coverage="100% (2/2)"/>
            <line number="5341" hits="19" branch="false"/>
            <line number="5343" hits="19" branch="true" condition-coverage="100% (2/2)"/>
            <line number="5345" hits="18" branch="false"/>
            <line number="5347" hits="18" branch="false"/>
            <line number="5352" hits="1" branch="false"/>
            <line number="5354" hits="1" branch="true" condition-coverage="50% (1/2)"/>
            <line number="5355" hits="1" branch="false"/>
            <line number="5359" hits="19" branch="true" condition-coverage="100% (2/2)"/>
            <line number="5361" hits="1" branch="true" condition-coverage="50% (1/2)"/>
            <line number="5363" hits="0" branch="false"/>
            <line number="5365" hits="0" branch="false"/>
            <line number="5370" hits="1" branch="false"/>
            <line number="5372" hits="1" branch="true" condition-coverage="50% (1/2)"/>
            <line number="5373" hits="1" branch="false"/>
            <line number="5378" hits="19" branch="false"/>
            <line number="5380" hits="71" branch="false"/>
            <line number="5382" hits="71" branch="true" condition-coverage="100% (2/2)"/>
            <line number="5384" hits="53" branch="false"/>
            <line number="5386" hits="53" branch="false"/>
            <line number="5391" hits="18" branch="false"/>
            <line number="5393" hits="18" branch="true" condition-coverage="50% (1/2)"/>
            <line number="5394" hits="18" branch="false"/>
            <line number="5398" hits="71" branch="true" condition-coverage="100% (2/2)"/>
            <line number="5400" hits="18" branch="true" condition-coverage="50% (1/2)"/>
            <line number="5402" hits="0" branch="false"/>
            <line number="5404" hits="0" branch="false"/>
            <line number="5409" hits="18" branch="false"/>
            <line number="5411" hits="18" branch="true" condition-coverage="50% (1/2)"/>
            <line number="5412" hits="18" branch="false"/>
            <line number="5418" hits="19" branch="false"/>
            <line number="5420" hits="19" branch="false"/>
            <line number="5425" hits="35" branch="false"/>
            <line number="5427" hits="35" branch="false"/>
            <line number="5430" hits="54" branch="true" condition-coverage="100% (2/2)"/>
            <line number="5432" hits="19" branch="false"/>
            <line number="5437" hits="35" branch="false"/>
            <line number="5440" hits="54" branch="false"/>
            <line number="5442" hits="54" branch="false"/>
            <line number="5449" hits="35" branch="false"/>
            <line number="5451" hits="35" branch="false"/>
            <line number="5453" hits="35" branch="true" condition-coverage="50% (1/2)"/>
            <line number="5455" hits="0" branch="false"/>
            <line number="5457" hits="0" branch="false"/>
            <line number="5460" hits="35" branch="false"/>
            <line number="5462" hits="35" branch="true" condition-coverage="100% (2/2)"/>
            <line number="5464" hits="2" branch="false"/>
            <line number="5466" hits="2" branch="false"/>
            <line number="5471" hits="33" branch="false"/>
            <line number="5473" hits="33" branch="true" condition-coverage="50% (1/2)"/>
            <line number="5474" hits="33" branch="false"/>
            <line number="5478" hits="35" branch="true" condition-coverage="100% (2/2)"/>
            <line number="5480" hits="2" branch="false"/>
            <line number="5482" hits="2" branch="false"/>
            <line number="5484" hits="2" branch="true" condition-coverage="50% (1/2)"/>
            <line number="5486" hits="2" branch="false"/>
            <line number="5488" hits="2" branch="false"/>
            <line number="5493" hits="0" branch="false"/>
            <line number="5495" hits="0" branch="true" condition-coverage="0% (0/2)"/>
            <line number="5496" hits="0" branch="false"/>
            <line number="5500" hits="2" branch="false"/>
            <line number="5502" hits="34" branch="false"/>
            <line number="5504" hits="34" branch="true" condition-coverage="100% (2/2)"/>
            <line number="5506" hits="32" branch="false"/>
            <line number="5508" hits="32" branch="false"/>
            <line number="5513" hits="2" branch="false"/>
            <line number="5515" hits="2" branch="true" condition-coverage="50% (1/2)"/>
            <line number="5516" hits="2" branch="false"/>
            <line number="5521" hits="2" branch="false"/>
            <line number="5523" hits="2" branch="true" condition-coverage="50% (1/2)"/>
            <line number="5525" hits="2" branch="false"/>
            <line number="5527" hits="2" branch="false"/>
            <line number="5532" hits="0" branch="false"/>
            <line number="5534" hits="0" branch="true" condition-coverage="0% (0/2)"/>
            <line number="5535" hits="0" branch="false"/>
            <line number="5539" hits="2" branch="true" condition-coverage="50% (1/2)"/>
            <line number="5541" hits="2" branch="false"/>
            <line number="5543" hits="2" branch="false"/>
            <line number="5548" hits="0" branch="false"/>
            <line number="5550" hits="0" branch="false"/>
            <line number="5556" hits="33" branch="false"/>
            <line number="5558" hits="33" branch="false"/>
            <line number="5561" hits="35" branch="false"/>
            <line number="5563" hits="35" branch="false"/>
            <line number="5570" hits="24" branch="false"/>
            <line number="5572" hits="24" branch="false"/>
            <line number="5574" hits="24" branch="true" condition-coverage="50% (1/2)"/>
            <line number="5576" hits="0" branch="false"/>
            <line number="5578" hits="0" branch="false"/>
            <line number="5581" hits="24" branch="false"/>
            <line number="5583" hits="24" branch="true" condition-coverage="100% (2/2)"/>
            <line number="5585" hits="4" branch="false"/>
            <line number="5587" hits="4" branch="false"/>
            <line number="5592" hits="20" branch="false"/>
            <line number="5594" hits="20" branch="true" condition-coverage="50% (1/2)"/>
            <line number="5595" hits="20" branch="false"/>
            <line number="5599" hits="24" branch="true" condition-coverage="100% (2/2)"/>
            <line number="5601" hits="4" branch="false"/>
            <line number="5603" hits="4" branch="false"/>
            <line number="5605" hits="4" branch="true" condition-coverage="50% (1/2)"/>
            <line number="5607" hits="4" branch="false"/>
            <line number="5609" hits="4" branch="false"/>
            <line number="5614" hits="0" branch="false"/>
            <line number="5616" hits="0" branch="true" condition-coverage="0% (0/2)"/>
            <line number="5617" hits="0" branch="false"/>
            <line number="5621" hits="4" branch="false"/>
            <line number="5623" hits="20" branch="false"/>
            <line number="5625" hits="20" branch="true" condition-coverage="100% (2/2)"/>
            <line number="5627" hits="16" branch="false"/>
            <line number="5629" hits="16" branch="false"/>
            <line number="5634" hits="4" branch="false"/>
            <line number="5636" hits="4" branch="true" condition-coverage="50% (1/2)"/>
            <line number="5637" hits="4" branch="false"/>
            <line number="5642" hits="4" branch="false"/>
            <line number="5644" hits="4" branch="true" condition-coverage="50% (1/2)"/>
            <line number="5646" hits="4" branch="false"/>
            <line number="5648" hits="4" branch="false"/>
            <line number="5653" hits="0" branch="false"/>
            <line number="5655" hits="0" branch="true" condition-coverage="0% (0/2)"/>
            <line number="5656" hits="0" branch="false"/>
            <line number="5660" hits="4" branch="true" condition-coverage="50% (1/2)"/>
            <line number="5662" hits="4" branch="false"/>
            <line number="5664" hits="4" branch="false"/>
            <line number="5669" hits="0" branch="false"/>
            <line number="5671" hits="0" branch="false"/>
            <line number="5677" hits="20" branch="false"/>
            <line number="5679" hits="20" branch="false"/>
            <line number="5682" hits="24" branch="false"/>
            <line number="5684" hits="24" branch="false"/>
            <line number="5691" hits="293" branch="false"/>
            <line number="5693" hits="293" branch="false"/>
            <line number="5695" hits="293" branch="true" condition-coverage="100% (2/2)"/>
            <line number="5697" hits="185" branch="false"/>
            <line number="5699" hits="185" branch="false"/>
            <line number="5702" hits="108" branch="false"/>
            <line number="5704" hits="108" branch="false"/>
            <line number="5706" hits="108" branch="true" condition-coverage="50% (1/2)"/>
            <line number="5708" hits="0" branch="false"/>
            <line number="5710" hits="0" branch="false"/>
            <line number="5715" hits="108" branch="false"/>
            <line number="5717" hits="108" branch="true" condition-coverage="50% (1/2)"/>
            <line number="5718" hits="0" branch="false"/>
            <line number="5722" hits="108" branch="true" condition-coverage="50% (1/2)"/>
            <line number="5724" hits="108" branch="true" condition-coverage="50% (1/2)"/>
            <line number="5726" hits="0" branch="false"/>
            <line number="5728" hits="0" branch="false"/>
            <line number="5733" hits="108" branch="false"/>
            <line number="5735" hits="108" branch="true" condition-coverage="50% (1/2)"/>
            <line number="5736" hits="0" branch="false"/>
            <line number="5740" hits="108" branch="true" condition-coverage="50% (1/2)"/>
            <line number="5742" hits="108" branch="true" condition-coverage="50% (1/2)"/>
            <line number="5744" hits="0" branch="false"/>
            <line number="5746" hits="0" branch="false"/>
            <line number="5751" hits="108" branch="false"/>
            <line number="5753" hits="108" branch="true" condition-coverage="50% (1/2)"/>
            <line number="5754" hits="0" branch="false"/>
            <line number="5758" hits="108" branch="true" condition-coverage="50% (1/2)"/>
            <line number="5760" hits="108" branch="true" condition-coverage="100% (2/2)"/>
            <line number="5762" hits="57" branch="false"/>
            <line number="5764" hits="57" branch="false"/>
            <line number="5769" hits="51" branch="false"/>
            <line number="5771" hits="51" branch="true" condition-coverage="50% (1/2)"/>
            <line number="5772" hits="0" branch="false"/>
            <line number="5779" hits="108" branch="false"/>
            <line number="5781" hits="57" branch="false"/>
            <line number="5783" hits="57" branch="true" condition-coverage="50% (1/2)"/>
            <line number="5785" hits="0" branch="false"/>
            <line number="5787" hits="0" branch="false"/>
            <line number="5792" hits="57" branch="false"/>
            <line number="5794" hits="57" branch="true" condition-coverage="50% (1/2)"/>
            <line number="5795" hits="0" branch="false"/>
            <line number="5799" hits="57" branch="true" condition-coverage="50% (1/2)"/>
            <line number="5801" hits="57" branch="true" condition-coverage="50% (1/2)"/>
            <line number="5803" hits="0" branch="false"/>
            <line number="5805" hits="0" branch="false"/>
            <line number="5810" hits="57" branch="false"/>
            <line number="5812" hits="57" branch="true" condition-coverage="50% (1/2)"/>
            <line number="5813" hits="0" branch="false"/>
            <line number="5817" hits="57" branch="true" condition-coverage="50% (1/2)"/>
            <line number="5819" hits="57" branch="true" condition-coverage="50% (1/2)"/>
            <line number="5821" hits="0" branch="false"/>
            <line number="5823" hits="0" branch="false"/>
            <line number="5828" hits="57" branch="false"/>
            <line number="5830" hits="57" branch="true" condition-coverage="50% (1/2)"/>
            <line number="5831" hits="0" branch="false"/>
            <line number="5835" hits="57" branch="true" condition-coverage="50% (1/2)"/>
            <line number="5837" hits="57" branch="true" condition-coverage="50% (1/2)"/>
            <line number="5839" hits="0" branch="false"/>
            <line number="5841" hits="0" branch="false"/>
            <line number="5846" hits="57" branch="false"/>
            <line number="5848" hits="57" branch="true" condition-coverage="50% (1/2)"/>
            <line number="5849" hits="0" branch="false"/>
            <line number="5857" hits="108" branch="false"/>
            <line number="5859" hits="108" branch="false"/>
            <line number="5861" hits="108" branch="true" condition-coverage="50% (1/2)"/>
            <line number="5862" hits="108" branch="false"/>
            <line number="5865" hits="108" branch="false"/>
            <line number="5867" hits="108" branch="false"/>
            <line number="5872" hits="238" branch="false"/>
            <line number="5874" hits="28" branch="false"/>
            <line number="5890" hits="121" branch="false"/>
            <line number="5892" hits="121" branch="true" condition-coverage="100% (2/2)"/>
            <line number="5893" hits="112" branch="false"/>
            <line number="5895" hits="121" branch="true" condition-coverage="100% (2/2)"/>
            <line number="5896" hits="15" branch="false"/>
            <line number="5898" hits="121" branch="false"/>
            <line number="5901" hits="9" branch="false"/>
            <line number="5903" hits="9" branch="true" condition-coverage="75% (3/4)"/>
            <line number="5905" hits="9" branch="false"/>
            <line number="5910" hits="0" branch="true" condition-coverage="0% (0/4)"/>
            <line number="5912" hits="0" branch="false"/>
            <line number="5915" hits="0" branch="false"/>
            <line number="5929" hits="1" branch="false"/>
            <line number="5934" hits="1" branch="false"/>
            <line number="5935" hits="1" branch="false"/>
            <line number="5936" hits="1" branch="false"/>
          </lines>
        </class>
      </classes>
    </package>
  </packages>
</coverage>
